loaded 11 jobs
LAUNCH [1/11] J_medium/vmme/s0 pid=1055
LAUNCH [2/11] J_medium/vmme/s1 pid=1056
LAUNCH [3/11] J_medium/vmme/s2 pid=1057
DONE [OK rc=0] J_medium/vmme/s1 completed=1 failed=0 remaining=9
LAUNCH [4/11] J_medium/nextqa/s0 pid=19826
DONE [OK rc=0] J_medium/vmme/s2 completed=2 failed=0 remaining=8
LAUNCH [5/11] J_medium/nextqa/s1 pid=20319
DONE [OK rc=0] J_medium/vmme/s0 completed=3 failed=0 remaining=6
LAUNCH [6/11] J_medium/mlvu/s0 pid=27493
DONE [OK rc=0] J_medium/mlvu/s0 completed=4 failed=0 remaining=7
LAUNCH [7/11] J_medium/mlvu/s1 pid=41471
DONE [OK rc=0] J_medium/nextqa/s0 completed=5 failed=0 remaining=4
LAUNCH [8/11] J_medium/mlvu/s2 pid=45829
DONE [OK rc=0] J_medium/nextqa/s1 completed=6 failed=0 remaining=3
LAUNCH [9/11] J_medium/vmme_long/s0 pid=50493
DONE [OK rc=0] J_medium/mlvu/s1 completed=7 failed=0 remaining=2
LAUNCH [10/11] J_medium/vmme_long/s1 pid=58099
DONE [OK rc=0] J_medium/mlvu/s2 completed=8 failed=0 remaining=1
LAUNCH [11/11] J_medium/vmme_long/s2 pid=61364
DONE [OK rc=0] J_medium/vmme_long/s0 completed=9 failed=0 remaining=0
DONE [OK rc=0] J_medium/vmme_long/s2 completed=10 failed=0 remaining=1
DONE [OK rc=0] J_medium/vmme_long/s1 completed=11 failed=0 remaining=0
QUEUE_ALL_DONE total=11 completed=11 failed=0
