[sf_watchdog] started Sun Jul  5 12:32:31 CST 2026 floor=3.0
[sf_watchdog] Sun Jul  5 12:32:31 CST 2026 balance=41.9289
[sf_watchdog] Sun Jul  5 12:34:33 CST 2026 balance=41.9289
[sf_watchdog] Sun Jul  5 12:36:34 CST 2026 balance=41.9289
[sf_watchdog] Sun Jul  5 12:38:34 CST 2026 balance=41.9289
[sf_watchdog] Sun Jul  5 12:40:34 CST 2026 balance=41.9289
[sf_watchdog] Sun Jul  5 12:42:34 CST 2026 balance=41.9289
[sf_watchdog] Sun Jul  5 12:44:34 CST 2026 balance=41.9289
[sf_watchdog] Sun Jul  5 12:46:35 CST 2026 balance=41.9289
[sf_watchdog] Sun Jul  5 12:48:35 CST 2026 balance=41.9289
[sf_watchdog] Sun Jul  5 12:50:35 CST 2026 balance=41.9289
[sf_watchdog] Sun Jul  5 12:52:35 CST 2026 balance=41.9289
[sf_watchdog] Sun Jul  5 12:54:36 CST 2026 balance=41.9289
[sf_watchdog] Sun Jul  5 12:56:36 CST 2026 balance=41.9289
[sf_watchdog] Sun Jul  5 12:58:36 CST 2026 balance=41.9289
[sf_watchdog] Sun Jul  5 13:00:35 CST 2026 balance=41.9289
[sf_watchdog] Sun Jul  5 13:02:36 CST 2026 balance=41.9289
[sf_watchdog] Sun Jul  5 13:04:36 CST 2026 balance=41.9289
[sf_watchdog] Sun Jul  5 13:06:36 CST 2026 balance=41.9289
[sf_watchdog] Sun Jul  5 13:08:36 CST 2026 balance=41.9289
[sf_watchdog] Sun Jul  5 13:10:37 CST 2026 balance=41.9289
[sf_watchdog] Sun Jul  5 13:12:37 CST 2026 balance=41.9289
[sf_watchdog] Sun Jul  5 13:14:37 CST 2026 balance=41.9289
[sf_watchdog] Sun Jul  5 13:16:37 CST 2026 balance=41.9289
[sf_watchdog] Sun Jul  5 13:18:37 CST 2026 balance=41.9289
[sf_watchdog] Sun Jul  5 13:20:38 CST 2026 balance=41.9289
[sf_watchdog] Sun Jul  5 13:22:38 CST 2026 balance=41.9289
[sf_watchdog] Sun Jul  5 13:24:38 CST 2026 balance=41.9289
[sf_watchdog] Sun Jul  5 13:26:38 CST 2026 balance=41.9289
[sf_watchdog] Sun Jul  5 13:28:39 CST 2026 balance=41.9289
[sf_watchdog] Sun Jul  5 13:30:39 CST 2026 balance=41.9289
[sf_watchdog] Sun Jul  5 13:32:39 CST 2026 balance=41.9289
[sf_watchdog] Sun Jul  5 13:34:39 CST 2026 balance=41.9289
[sf_watchdog] Sun Jul  5 13:36:40 CST 2026 balance=41.9289
[sf_watchdog] Sun Jul  5 13:38:40 CST 2026 balance=41.9289
[sf_watchdog] Sun Jul  5 13:40:40 CST 2026 balance=41.9289
[sf_watchdog] Sun Jul  5 13:42:40 CST 2026 balance=41.9289
[sf_watchdog] Sun Jul  5 13:44:41 CST 2026 balance=41.9289
[sf_watchdog] Sun Jul  5 13:46:41 CST 2026 balance=41.9289
[sf_watchdog] Sun Jul  5 13:48:41 CST 2026 balance=41.9289
[sf_watchdog] Sun Jul  5 13:50:41 CST 2026 balance=41.9289
[sf_watchdog] Sun Jul  5 13:52:41 CST 2026 balance=41.9289
[sf_watchdog] Sun Jul  5 13:54:42 CST 2026 balance=41.9289
[sf_watchdog] Sun Jul  5 13:56:42 CST 2026 balance=41.9289
[sf_watchdog] Sun Jul  5 13:58:42 CST 2026 balance=41.9289
[sf_watchdog] Sun Jul  5 14:00:42 CST 2026 balance=41.9289
[sf_watchdog] Sun Jul  5 14:02:42 CST 2026 balance=41.9289
[sf_watchdog] Sun Jul  5 14:04:43 CST 2026 balance=41.9289
[sf_watchdog] Sun Jul  5 14:06:43 CST 2026 balance=41.9289
[sf_watchdog] Sun Jul  5 14:08:43 CST 2026 balance=41.9289
[sf_watchdog] Sun Jul  5 14:10:43 CST 2026 balance=41.9289
[sf_watchdog] Sun Jul  5 14:12:44 CST 2026 balance=41.9289
[sf_watchdog] Sun Jul  5 14:14:44 CST 2026 balance=41.9289
[sf_watchdog] Sun Jul  5 14:16:44 CST 2026 balance=41.9289
[sf_watchdog] Sun Jul  5 14:18:44 CST 2026 balance=41.9289
[sf_watchdog] Sun Jul  5 14:20:45 CST 2026 balance=41.9289
[sf_watchdog] Sun Jul  5 14:22:45 CST 2026 balance=41.9289
[sf_watchdog] Sun Jul  5 14:24:45 CST 2026 balance=41.9289
[sf_watchdog] Sun Jul  5 14:26:45 CST 2026 balance=41.9289
[sf_watchdog] Sun Jul  5 14:28:45 CST 2026 balance=41.9289
[sf_watchdog] Sun Jul  5 14:30:46 CST 2026 balance=41.9289
[sf_watchdog] Sun Jul  5 14:32:46 CST 2026 balance=41.9289
[sf_watchdog] Sun Jul  5 14:34:46 CST 2026 balance=41.9289
[sf_watchdog] Sun Jul  5 14:36:46 CST 2026 balance=41.9289
[sf_watchdog] Sun Jul  5 14:38:47 CST 2026 balance=41.9289
[sf_watchdog] Sun Jul  5 14:40:47 CST 2026 balance=41.9289
[sf_watchdog] Sun Jul  5 14:42:47 CST 2026 balance=41.9289
[sf_watchdog] Sun Jul  5 14:44:47 CST 2026 balance=41.9289
[sf_watchdog] Sun Jul  5 14:46:47 CST 2026 balance=41.9289
[sf_watchdog] Sun Jul  5 14:48:48 CST 2026 balance=41.9289
[sf_watchdog] Sun Jul  5 14:50:48 CST 2026 balance=41.9289
[sf_watchdog] Sun Jul  5 14:52:48 CST 2026 balance=41.9289
[sf_watchdog] Sun Jul  5 14:54:49 CST 2026 balance=41.9289
[sf_watchdog] Sun Jul  5 14:56:49 CST 2026 balance=41.9289
[sf_watchdog] Sun Jul  5 14:58:49 CST 2026 balance=41.9289
[sf_watchdog] Sun Jul  5 15:00:49 CST 2026 balance=41.9289
[sf_watchdog] Sun Jul  5 15:02:49 CST 2026 balance=41.9289
[sf_watchdog] Sun Jul  5 15:04:49 CST 2026 balance=41.9289
[sf_watchdog] Sun Jul  5 15:06:50 CST 2026 balance=41.9289
[sf_watchdog] Sun Jul  5 15:08:50 CST 2026 balance=41.9289
[sf_watchdog] Sun Jul  5 15:10:50 CST 2026 balance=41.9289
[sf_watchdog] Sun Jul  5 15:12:50 CST 2026 balance=41.9289
[sf_watchdog] Sun Jul  5 15:14:50 CST 2026 balance=41.9289
[sf_watchdog] Sun Jul  5 15:16:51 CST 2026 balance=41.9289
[sf_watchdog] Sun Jul  5 15:18:51 CST 2026 balance=41.9289
[sf_watchdog] Sun Jul  5 15:20:51 CST 2026 balance=41.9289
[sf_watchdog] Sun Jul  5 15:22:51 CST 2026 balance=41.9289
[sf_watchdog] Sun Jul  5 15:24:52 CST 2026 balance=41.9289
[sf_watchdog] Sun Jul  5 15:26:52 CST 2026 balance=41.9289
[sf_watchdog] Sun Jul  5 15:28:52 CST 2026 balance=41.9289
[sf_watchdog] Sun Jul  5 15:30:52 CST 2026 balance=41.9289
[sf_watchdog] Sun Jul  5 15:32:52 CST 2026 balance=41.9289
[sf_watchdog] Sun Jul  5 15:34:53 CST 2026 balance=41.9289
[sf_watchdog] Sun Jul  5 15:36:53 CST 2026 balance=41.9289
[sf_watchdog] Sun Jul  5 15:38:53 CST 2026 balance=41.9289
[sf_watchdog] Sun Jul  5 15:40:53 CST 2026 balance=41.9289
[sf_watchdog] Sun Jul  5 15:42:54 CST 2026 balance=41.9289
[sf_watchdog] Sun Jul  5 15:44:54 CST 2026 balance=41.9289
[sf_watchdog] Sun Jul  5 15:46:54 CST 2026 balance=41.9289
[sf_watchdog] Sun Jul  5 15:48:54 CST 2026 balance=41.9289
[sf_watchdog] Sun Jul  5 15:50:54 CST 2026 balance=41.9289
[sf_watchdog] Sun Jul  5 15:52:55 CST 2026 balance=41.9289
[sf_watchdog] Sun Jul  5 15:54:55 CST 2026 balance=41.9289
[sf_watchdog] Sun Jul  5 15:56:55 CST 2026 balance=41.9289
[sf_watchdog] Sun Jul  5 15:58:55 CST 2026 balance=41.9289
[sf_watchdog] Sun Jul  5 16:00:55 CST 2026 balance=41.9289
[sf_watchdog] Sun Jul  5 16:02:56 CST 2026 balance=41.9289
[sf_watchdog] Sun Jul  5 16:04:56 CST 2026 balance=41.9289
[sf_watchdog] Sun Jul  5 16:06:56 CST 2026 balance=41.9289
[sf_watchdog] Sun Jul  5 16:08:56 CST 2026 balance=41.9289
[sf_watchdog] Sun Jul  5 16:10:57 CST 2026 balance=41.9289
[sf_watchdog] Sun Jul  5 16:12:57 CST 2026 balance=41.9289
[sf_watchdog] Sun Jul  5 16:14:57 CST 2026 balance=41.9289
[sf_watchdog] Sun Jul  5 16:16:57 CST 2026 balance=41.9289
[sf_watchdog] Sun Jul  5 16:18:57 CST 2026 balance=41.9289
[sf_watchdog] Sun Jul  5 16:20:58 CST 2026 balance=41.9289
[sf_watchdog] Sun Jul  5 16:22:58 CST 2026 balance=41.9289
[sf_watchdog] Sun Jul  5 16:24:58 CST 2026 balance=41.9289
[sf_watchdog] Sun Jul  5 16:26:58 CST 2026 balance=41.9289
[sf_watchdog] Sun Jul  5 16:28:59 CST 2026 balance=41.9289
[sf_watchdog] Sun Jul  5 16:30:59 CST 2026 balance=41.9289
[sf_watchdog] Sun Jul  5 16:32:59 CST 2026 balance=41.9289
[sf_watchdog] Sun Jul  5 16:34:59 CST 2026 balance=41.9289
[sf_watchdog] Sun Jul  5 16:37:00 CST 2026 balance=41.9289
[sf_watchdog] Sun Jul  5 16:39:00 CST 2026 balance=41.9289
[sf_watchdog] Sun Jul  5 16:41:00 CST 2026 balance=41.9289
[sf_watchdog] Sun Jul  5 16:43:00 CST 2026 balance=41.9289
[sf_watchdog] Sun Jul  5 16:45:00 CST 2026 balance=41.9289
[sf_watchdog] Sun Jul  5 16:47:01 CST 2026 balance=41.9289
[sf_watchdog] Sun Jul  5 16:49:01 CST 2026 balance=41.9289
[sf_watchdog] Sun Jul  5 16:51:01 CST 2026 balance=41.9289
[sf_watchdog] Sun Jul  5 16:53:01 CST 2026 balance=41.9289
[sf_watchdog] Sun Jul  5 16:55:02 CST 2026 balance=41.9289
[sf_watchdog] Sun Jul  5 16:57:02 CST 2026 balance=41.9289
[sf_watchdog] Sun Jul  5 16:59:02 CST 2026 balance=41.9289
[sf_watchdog] Sun Jul  5 17:01:02 CST 2026 balance=41.9289
[sf_watchdog] Sun Jul  5 17:03:02 CST 2026 balance=41.9289
[sf_watchdog] Sun Jul  5 17:05:02 CST 2026 balance=41.9289
[sf_watchdog] Sun Jul  5 17:07:02 CST 2026 balance=41.9289
[sf_watchdog] Sun Jul  5 17:09:02 CST 2026 balance=41.9289
[sf_watchdog] Sun Jul  5 17:11:03 CST 2026 balance=41.9289
[sf_watchdog] Sun Jul  5 17:13:03 CST 2026 balance=41.9289
[sf_watchdog] Sun Jul  5 17:15:03 CST 2026 balance=41.9289
[sf_watchdog] Sun Jul  5 17:17:03 CST 2026 balance=41.9289
[sf_watchdog] Sun Jul  5 17:19:04 CST 2026 balance=41.9289
[sf_watchdog] Sun Jul  5 17:21:04 CST 2026 balance=41.9289
[sf_watchdog] Sun Jul  5 17:23:04 CST 2026 balance=41.9289
[sf_watchdog] Sun Jul  5 17:25:04 CST 2026 balance=41.9289
[sf_watchdog] Sun Jul  5 17:27:04 CST 2026 balance=41.9289
[sf_watchdog] Sun Jul  5 17:29:05 CST 2026 balance=41.9289
[sf_watchdog] Sun Jul  5 17:31:05 CST 2026 balance=41.9289
[sf_watchdog] Sun Jul  5 17:33:05 CST 2026 balance=41.9289
[sf_watchdog] Sun Jul  5 17:35:05 CST 2026 balance=41.9289
[sf_watchdog] Sun Jul  5 17:37:06 CST 2026 balance=41.9289
[sf_watchdog] Sun Jul  5 17:39:06 CST 2026 balance=41.9289
[sf_watchdog] Sun Jul  5 17:41:06 CST 2026 balance=41.9289
[sf_watchdog] Sun Jul  5 17:43:06 CST 2026 balance=41.9289
[sf_watchdog] Sun Jul  5 17:45:07 CST 2026 balance=41.9289
[sf_watchdog] Sun Jul  5 17:47:07 CST 2026 balance=41.9289
[sf_watchdog] Sun Jul  5 17:49:07 CST 2026 balance=41.9289
[sf_watchdog] Sun Jul  5 17:51:07 CST 2026 balance=41.9289
[sf_watchdog] Sun Jul  5 17:53:08 CST 2026 balance=41.9289
[sf_watchdog] Sun Jul  5 17:55:08 CST 2026 balance=41.9289
[sf_watchdog] Sun Jul  5 17:57:08 CST 2026 balance=41.9289
[sf_watchdog] Sun Jul  5 17:59:08 CST 2026 balance=41.9289
[sf_watchdog] Sun Jul  5 18:01:08 CST 2026 balance=41.9289
[sf_watchdog] Sun Jul  5 18:03:08 CST 2026 balance=41.9289
[sf_watchdog] Sun Jul  5 18:05:08 CST 2026 balance=41.9289
[sf_watchdog] Sun Jul  5 18:07:09 CST 2026 balance=41.9289
[sf_watchdog] Sun Jul  5 18:09:09 CST 2026 balance=41.9289
[sf_watchdog] Sun Jul  5 18:11:09 CST 2026 balance=41.9289
[sf_watchdog] Sun Jul  5 18:13:09 CST 2026 balance=41.9289
[sf_watchdog] Sun Jul  5 18:15:10 CST 2026 balance=41.9289
[sf_watchdog] Sun Jul  5 18:17:10 CST 2026 balance=41.9289
[sf_watchdog] Sun Jul  5 18:19:10 CST 2026 balance=41.9289
[sf_watchdog] Sun Jul  5 18:21:10 CST 2026 balance=41.9289
[sf_watchdog] Sun Jul  5 18:23:10 CST 2026 balance=41.9289
[sf_watchdog] Sun Jul  5 18:25:11 CST 2026 balance=41.9289
[sf_watchdog] Sun Jul  5 18:27:11 CST 2026 balance=41.9289
[sf_watchdog] Sun Jul  5 18:29:11 CST 2026 balance=41.9289
[sf_watchdog] Sun Jul  5 18:31:11 CST 2026 balance=41.9289
[sf_watchdog] Sun Jul  5 18:33:12 CST 2026 balance=41.9289
[sf_watchdog] Sun Jul  5 18:35:12 CST 2026 balance=41.9289
[sf_watchdog] Sun Jul  5 18:37:12 CST 2026 balance=41.9289
[sf_watchdog] Sun Jul  5 18:39:12 CST 2026 balance=41.9289
[sf_watchdog] Sun Jul  5 18:41:13 CST 2026 balance=41.9289
[sf_watchdog] Sun Jul  5 18:43:13 CST 2026 balance=41.9289
[sf_watchdog] Sun Jul  5 18:45:13 CST 2026 balance=41.9289
[sf_watchdog] Sun Jul  5 18:47:13 CST 2026 balance=41.9289
[sf_watchdog] Sun Jul  5 18:49:14 CST 2026 balance=41.9289
[sf_watchdog] Sun Jul  5 18:51:14 CST 2026 balance=41.9289
[sf_watchdog] Sun Jul  5 18:53:14 CST 2026 balance=41.9289
[sf_watchdog] Sun Jul  5 18:55:14 CST 2026 balance=41.9289
[sf_watchdog] Sun Jul  5 18:57:15 CST 2026 balance=41.9289
[sf_watchdog] Sun Jul  5 18:59:16 CST 2026 balance=41.9289
[sf_watchdog] Sun Jul  5 19:01:16 CST 2026 balance=41.9289
[sf_watchdog] Sun Jul  5 19:03:30 CST 2026 balance=41.9289
[sf_watchdog] Sun Jul  5 19:05:36 CST 2026 balance=41.9289
[sf_watchdog] Sun Jul  5 19:07:36 CST 2026 balance=41.9289
[sf_watchdog] Sun Jul  5 19:09:37 CST 2026 balance=41.9289
[sf_watchdog] Sun Jul  5 19:11:37 CST 2026 balance=41.9289
[sf_watchdog] Sun Jul  5 19:13:37 CST 2026 balance=41.9289
[sf_watchdog] Sun Jul  5 19:15:37 CST 2026 balance=41.9289
[sf_watchdog] Sun Jul  5 19:17:38 CST 2026 balance=41.9289
[sf_watchdog] Sun Jul  5 19:19:38 CST 2026 balance=41.9289
[sf_watchdog] Sun Jul  5 19:21:38 CST 2026 balance=41.9289
[sf_watchdog] Sun Jul  5 19:23:38 CST 2026 balance=41.9289
[sf_watchdog] Sun Jul  5 19:25:39 CST 2026 balance=41.9289
[sf_watchdog] Sun Jul  5 19:27:39 CST 2026 balance=41.9289
[sf_watchdog] Sun Jul  5 19:29:39 CST 2026 balance=41.9289
[sf_watchdog] Sun Jul  5 19:31:39 CST 2026 balance=41.9289
[sf_watchdog] Sun Jul  5 19:33:40 CST 2026 balance=41.9289
[sf_watchdog] Sun Jul  5 19:35:40 CST 2026 balance=41.9289
[sf_watchdog] Sun Jul  5 19:37:40 CST 2026 balance=41.9289
[sf_watchdog] Sun Jul  5 19:39:40 CST 2026 balance=41.9289
[sf_watchdog] Sun Jul  5 19:41:40 CST 2026 balance=41.9289
[sf_watchdog] Sun Jul  5 19:43:41 CST 2026 balance=41.9289
[sf_watchdog] Sun Jul  5 19:45:41 CST 2026 balance=41.9289
[sf_watchdog] Sun Jul  5 19:47:41 CST 2026 balance=41.9289
[sf_watchdog] Sun Jul  5 19:49:41 CST 2026 balance=41.9289
[sf_watchdog] Sun Jul  5 19:51:42 CST 2026 balance=41.9289
[sf_watchdog] Sun Jul  5 19:53:42 CST 2026 balance=41.9289
[sf_watchdog] Sun Jul  5 19:55:42 CST 2026 balance=41.9289
[sf_watchdog] Sun Jul  5 19:57:42 CST 2026 balance=41.9289
[sf_watchdog] Sun Jul  5 19:59:43 CST 2026 balance=41.9289
[sf_watchdog] Sun Jul  5 20:01:42 CST 2026 balance=41.9289
[sf_watchdog] Sun Jul  5 20:03:42 CST 2026 balance=41.9289
[sf_watchdog] Sun Jul  5 20:05:42 CST 2026 balance=41.9289
[sf_watchdog] Sun Jul  5 20:07:43 CST 2026 balance=41.9289
[sf_watchdog] Sun Jul  5 20:09:43 CST 2026 balance=41.9289
[sf_watchdog] Sun Jul  5 20:11:43 CST 2026 balance=41.9289
[sf_watchdog] Sun Jul  5 20:13:43 CST 2026 balance=41.9289
[sf_watchdog] Sun Jul  5 20:15:44 CST 2026 balance=41.9289
[sf_watchdog] Sun Jul  5 20:17:44 CST 2026 balance=41.9289
[sf_watchdog] Sun Jul  5 20:19:44 CST 2026 balance=41.9289
[sf_watchdog] Sun Jul  5 20:21:44 CST 2026 balance=41.9289
[sf_watchdog] Sun Jul  5 20:23:44 CST 2026 balance=41.9289
[sf_watchdog] Sun Jul  5 20:25:45 CST 2026 balance=41.9289
[sf_watchdog] Sun Jul  5 20:27:45 CST 2026 balance=41.9289
[sf_watchdog] Sun Jul  5 20:29:45 CST 2026 balance=41.9289
[sf_watchdog] Sun Jul  5 20:31:45 CST 2026 balance=41.9289
[sf_watchdog] Sun Jul  5 20:33:46 CST 2026 balance=41.9289
[sf_watchdog] Sun Jul  5 20:35:46 CST 2026 balance=41.9289
[sf_watchdog] Sun Jul  5 20:37:46 CST 2026 balance=41.9289
[sf_watchdog] Sun Jul  5 20:39:46 CST 2026 balance=41.9289
[sf_watchdog] Sun Jul  5 20:41:46 CST 2026 balance=41.9289
[sf_watchdog] Sun Jul  5 20:43:47 CST 2026 balance=41.9289
[sf_watchdog] Sun Jul  5 20:45:47 CST 2026 balance=41.9289
[sf_watchdog] Sun Jul  5 20:47:47 CST 2026 balance=41.9289
[sf_watchdog] Sun Jul  5 20:49:47 CST 2026 balance=41.9289
[sf_watchdog] Sun Jul  5 20:51:48 CST 2026 balance=41.9289
[sf_watchdog] Sun Jul  5 20:53:48 CST 2026 balance=41.9289
[sf_watchdog] Sun Jul  5 20:55:48 CST 2026 balance=41.9289
[sf_watchdog] Sun Jul  5 20:57:48 CST 2026 balance=41.9289
[sf_watchdog] Sun Jul  5 20:59:49 CST 2026 balance=41.9289
[sf_watchdog] Sun Jul  5 21:01:48 CST 2026 balance=41.9289
[sf_watchdog] Sun Jul  5 21:03:48 CST 2026 balance=41.9289
[sf_watchdog] Sun Jul  5 21:05:49 CST 2026 balance=41.9289
[sf_watchdog] Sun Jul  5 21:07:49 CST 2026 balance=41.9289
[sf_watchdog] Sun Jul  5 21:09:49 CST 2026 balance=41.9289
[sf_watchdog] Sun Jul  5 21:11:49 CST 2026 balance=41.9289
[sf_watchdog] Sun Jul  5 21:13:50 CST 2026 balance=41.9289
[sf_watchdog] Sun Jul  5 21:15:50 CST 2026 balance=41.9289
[sf_watchdog] Sun Jul  5 21:17:50 CST 2026 balance=41.9289
[sf_watchdog] Sun Jul  5 21:19:50 CST 2026 balance=41.9289
[sf_watchdog] Sun Jul  5 21:21:50 CST 2026 balance=41.9289
[sf_watchdog] Sun Jul  5 21:23:51 CST 2026 balance=41.9289
[sf_watchdog] Sun Jul  5 21:25:51 CST 2026 balance=41.9289
[sf_watchdog] Sun Jul  5 21:27:51 CST 2026 balance=41.9289
[sf_watchdog] Sun Jul  5 21:29:51 CST 2026 balance=41.9289
[sf_watchdog] Sun Jul  5 21:31:52 CST 2026 balance=41.9289
[sf_watchdog] Sun Jul  5 21:33:52 CST 2026 balance=41.9289
[sf_watchdog] Sun Jul  5 21:35:52 CST 2026 balance=41.9289
[sf_watchdog] Sun Jul  5 21:37:52 CST 2026 balance=41.9289
[sf_watchdog] Sun Jul  5 21:39:52 CST 2026 balance=41.9289
[sf_watchdog] Sun Jul  5 21:41:53 CST 2026 balance=41.9289
[sf_watchdog] Sun Jul  5 21:43:53 CST 2026 balance=41.9289
[sf_watchdog] Sun Jul  5 21:45:53 CST 2026 balance=41.9289
[sf_watchdog] Sun Jul  5 21:47:53 CST 2026 balance=41.9289
[sf_watchdog] Sun Jul  5 21:49:54 CST 2026 balance=41.9289
[sf_watchdog] Sun Jul  5 21:51:54 CST 2026 balance=41.9289
[sf_watchdog] Sun Jul  5 21:53:54 CST 2026 balance=41.9289
[sf_watchdog] Sun Jul  5 21:55:54 CST 2026 balance=41.9289
[sf_watchdog] Sun Jul  5 21:57:54 CST 2026 balance=41.9289
[sf_watchdog] Sun Jul  5 21:59:55 CST 2026 balance=41.9289
[sf_watchdog] Sun Jul  5 22:01:54 CST 2026 balance=41.9289
[sf_watchdog] Sun Jul  5 22:03:55 CST 2026 balance=41.9289
[sf_watchdog] Sun Jul  5 22:05:55 CST 2026 balance=41.9289
[sf_watchdog] Sun Jul  5 22:07:55 CST 2026 balance=41.9289
[sf_watchdog] Sun Jul  5 22:09:55 CST 2026 balance=41.9289
[sf_watchdog] Sun Jul  5 22:11:56 CST 2026 balance=41.9289
[sf_watchdog] Sun Jul  5 22:13:56 CST 2026 balance=41.9289
[sf_watchdog] Sun Jul  5 22:15:56 CST 2026 balance=41.9289
[sf_watchdog] Sun Jul  5 22:17:56 CST 2026 balance=41.9289
[sf_watchdog] Sun Jul  5 22:19:57 CST 2026 balance=41.9289
[sf_watchdog] Sun Jul  5 22:21:57 CST 2026 balance=41.9289
[sf_watchdog] Sun Jul  5 22:23:57 CST 2026 balance=41.9289
[sf_watchdog] Sun Jul  5 22:25:57 CST 2026 balance=41.9289
[sf_watchdog] Sun Jul  5 22:27:58 CST 2026 balance=41.9289
[sf_watchdog] Sun Jul  5 22:29:58 CST 2026 balance=41.9289
[sf_watchdog] Sun Jul  5 22:31:58 CST 2026 balance=41.9289
[sf_watchdog] Sun Jul  5 22:33:58 CST 2026 balance=41.9289
[sf_watchdog] Sun Jul  5 22:35:58 CST 2026 balance=41.9289
[sf_watchdog] Sun Jul  5 22:37:59 CST 2026 balance=41.9289
[sf_watchdog] Sun Jul  5 22:39:59 CST 2026 balance=41.9289
[sf_watchdog] Sun Jul  5 22:41:59 CST 2026 balance=41.9289
[sf_watchdog] Sun Jul  5 22:43:59 CST 2026 balance=41.9289
[sf_watchdog] Sun Jul  5 22:46:00 CST 2026 balance=41.9289
[sf_watchdog] Sun Jul  5 22:48:00 CST 2026 balance=41.9289
[sf_watchdog] Sun Jul  5 22:50:00 CST 2026 balance=41.9289
[sf_watchdog] Sun Jul  5 22:52:00 CST 2026 balance=41.9289
[sf_watchdog] Sun Jul  5 22:54:01 CST 2026 balance=41.9289
[sf_watchdog] Sun Jul  5 22:56:01 CST 2026 balance=41.9289
[sf_watchdog] Sun Jul  5 22:58:01 CST 2026 balance=41.9289
[sf_watchdog] Sun Jul  5 23:00:01 CST 2026 balance=41.9289
[sf_watchdog] Sun Jul  5 23:02:01 CST 2026 balance=41.9289
[sf_watchdog] Sun Jul  5 23:04:01 CST 2026 balance=41.9289
[sf_watchdog] Sun Jul  5 23:06:01 CST 2026 balance=41.9289
[sf_watchdog] Sun Jul  5 23:08:02 CST 2026 balance=41.9289
[sf_watchdog] Sun Jul  5 23:10:02 CST 2026 balance=41.9289
[sf_watchdog] Sun Jul  5 23:12:02 CST 2026 balance=41.9289
[sf_watchdog] Sun Jul  5 23:14:02 CST 2026 balance=41.9289
[sf_watchdog] Sun Jul  5 23:16:03 CST 2026 balance=41.9289
[sf_watchdog] Sun Jul  5 23:18:03 CST 2026 balance=41.9289
[sf_watchdog] Sun Jul  5 23:20:03 CST 2026 balance=41.9289
[sf_watchdog] Sun Jul  5 23:22:03 CST 2026 balance=41.9289
[sf_watchdog] Sun Jul  5 23:24:03 CST 2026 balance=41.9289
[sf_watchdog] Sun Jul  5 23:26:04 CST 2026 balance=41.9289
[sf_watchdog] Sun Jul  5 23:28:04 CST 2026 balance=41.9289
[sf_watchdog] Sun Jul  5 23:30:04 CST 2026 balance=41.9289
[sf_watchdog] Sun Jul  5 23:32:04 CST 2026 balance=41.9289
[sf_watchdog] Sun Jul  5 23:34:05 CST 2026 balance=41.9289
[sf_watchdog] Sun Jul  5 23:36:05 CST 2026 balance=41.9289
[sf_watchdog] Sun Jul  5 23:38:05 CST 2026 balance=41.9289
[sf_watchdog] Sun Jul  5 23:40:05 CST 2026 balance=41.9289
[sf_watchdog] Sun Jul  5 23:42:06 CST 2026 balance=41.9289
[sf_watchdog] Sun Jul  5 23:44:06 CST 2026 balance=41.9289
[sf_watchdog] Sun Jul  5 23:46:06 CST 2026 balance=41.9289
[sf_watchdog] Sun Jul  5 23:48:06 CST 2026 balance=41.9289
[sf_watchdog] Sun Jul  5 23:50:06 CST 2026 balance=41.9289
[sf_watchdog] Sun Jul  5 23:52:07 CST 2026 balance=41.9289
[sf_watchdog] Sun Jul  5 23:54:07 CST 2026 balance=41.9289
[sf_watchdog] Sun Jul  5 23:56:07 CST 2026 balance=41.9289
[sf_watchdog] Sun Jul  5 23:58:07 CST 2026 balance=41.9289
[sf_watchdog] Mon Jul  6 00:00:07 CST 2026 balance=41.9289
[sf_watchdog] Mon Jul  6 00:02:07 CST 2026 balance=41.9289
[sf_watchdog] Mon Jul  6 00:04:07 CST 2026 balance=41.9289
[sf_watchdog] Mon Jul  6 00:06:07 CST 2026 balance=41.9289
[sf_watchdog] Mon Jul  6 00:08:08 CST 2026 balance=41.9289
[sf_watchdog] Mon Jul  6 00:10:08 CST 2026 balance=41.9289
[sf_watchdog] Mon Jul  6 00:12:08 CST 2026 balance=41.9289
[sf_watchdog] Mon Jul  6 00:14:08 CST 2026 balance=41.9289
[sf_watchdog] Mon Jul  6 00:16:09 CST 2026 balance=41.9289
[sf_watchdog] Mon Jul  6 00:18:09 CST 2026 balance=41.9289
[sf_watchdog] Mon Jul  6 00:20:09 CST 2026 balance=41.9289
[sf_watchdog] Mon Jul  6 00:22:09 CST 2026 balance=41.9289
[sf_watchdog] Mon Jul  6 00:24:09 CST 2026 balance=41.9289
[sf_watchdog] Mon Jul  6 00:26:10 CST 2026 balance=41.9289
[sf_watchdog] Mon Jul  6 00:28:10 CST 2026 balance=41.9289
[sf_watchdog] Mon Jul  6 00:30:10 CST 2026 balance=41.9289
[sf_watchdog] Mon Jul  6 00:32:10 CST 2026 balance=41.9289
[sf_watchdog] Mon Jul  6 00:34:11 CST 2026 balance=41.9289
[sf_watchdog] Mon Jul  6 00:36:11 CST 2026 balance=41.9289
[sf_watchdog] Mon Jul  6 00:38:11 CST 2026 balance=41.9289
[sf_watchdog] Mon Jul  6 00:40:11 CST 2026 balance=41.9289
[sf_watchdog] Mon Jul  6 00:42:12 CST 2026 balance=41.9289
[sf_watchdog] Mon Jul  6 00:44:12 CST 2026 balance=41.9289
[sf_watchdog] Mon Jul  6 00:46:12 CST 2026 balance=41.9289
[sf_watchdog] Mon Jul  6 00:48:12 CST 2026 balance=41.9289
[sf_watchdog] Mon Jul  6 00:50:12 CST 2026 balance=41.9289
[sf_watchdog] Mon Jul  6 00:52:13 CST 2026 balance=41.9289
[sf_watchdog] Mon Jul  6 00:54:13 CST 2026 balance=41.9289
[sf_watchdog] Mon Jul  6 00:56:13 CST 2026 balance=41.9289
[sf_watchdog] Mon Jul  6 00:58:13 CST 2026 balance=41.9289
[sf_watchdog] Mon Jul  6 01:00:13 CST 2026 balance=41.9289
[sf_watchdog] Mon Jul  6 01:02:13 CST 2026 balance=41.9289
[sf_watchdog] Mon Jul  6 01:04:13 CST 2026 balance=41.9289
[sf_watchdog] Mon Jul  6 01:06:13 CST 2026 balance=41.9289
[sf_watchdog] Mon Jul  6 01:08:14 CST 2026 balance=41.9289
[sf_watchdog] Mon Jul  6 01:10:14 CST 2026 balance=41.9289
[sf_watchdog] Mon Jul  6 01:12:14 CST 2026 balance=41.9289
[sf_watchdog] Mon Jul  6 01:14:14 CST 2026 balance=41.9289
[sf_watchdog] Mon Jul  6 01:16:14 CST 2026 balance=41.9289
[sf_watchdog] Mon Jul  6 01:18:15 CST 2026 balance=41.9289
[sf_watchdog] Mon Jul  6 01:20:15 CST 2026 balance=41.9289
[sf_watchdog] Mon Jul  6 01:22:15 CST 2026 balance=41.9289
[sf_watchdog] Mon Jul  6 01:24:15 CST 2026 balance=41.9289
[sf_watchdog] Mon Jul  6 01:26:16 CST 2026 balance=41.9289
[sf_watchdog] Mon Jul  6 01:28:16 CST 2026 balance=41.9289
[sf_watchdog] Mon Jul  6 01:30:16 CST 2026 balance=41.9289
[sf_watchdog] Mon Jul  6 01:32:16 CST 2026 balance=41.9289
[sf_watchdog] Mon Jul  6 01:34:16 CST 2026 balance=41.9289
[sf_watchdog] Mon Jul  6 01:36:17 CST 2026 balance=41.9289
[sf_watchdog] Mon Jul  6 01:38:17 CST 2026 balance=41.9289
[sf_watchdog] Mon Jul  6 01:40:17 CST 2026 balance=41.9289
[sf_watchdog] Mon Jul  6 01:42:17 CST 2026 balance=41.9289
[sf_watchdog] Mon Jul  6 01:44:18 CST 2026 balance=41.9289
[sf_watchdog] Mon Jul  6 01:46:18 CST 2026 balance=41.9289
[sf_watchdog] Mon Jul  6 01:48:18 CST 2026 balance=41.9289
[sf_watchdog] Mon Jul  6 01:50:18 CST 2026 balance=41.9289
[sf_watchdog] Mon Jul  6 01:52:19 CST 2026 balance=41.9289
[sf_watchdog] Mon Jul  6 01:54:19 CST 2026 balance=41.9289
[sf_watchdog] Mon Jul  6 01:56:19 CST 2026 balance=41.9289
[sf_watchdog] Mon Jul  6 01:58:19 CST 2026 balance=41.9289
[sf_watchdog] Mon Jul  6 02:00:19 CST 2026 balance=41.9289
[sf_watchdog] Mon Jul  6 02:02:19 CST 2026 balance=41.9289
[sf_watchdog] Mon Jul  6 02:04:19 CST 2026 balance=41.9289
[sf_watchdog] Mon Jul  6 02:06:19 CST 2026 balance=41.9289
[sf_watchdog] Mon Jul  6 02:08:20 CST 2026 balance=41.9289
[sf_watchdog] Mon Jul  6 02:10:20 CST 2026 balance=41.9289
[sf_watchdog] Mon Jul  6 02:12:20 CST 2026 balance=41.9289
[sf_watchdog] Mon Jul  6 02:14:20 CST 2026 balance=41.9289
[sf_watchdog] Mon Jul  6 02:16:21 CST 2026 balance=41.9289
[sf_watchdog] Mon Jul  6 02:18:21 CST 2026 balance=41.9289
[sf_watchdog] Mon Jul  6 02:20:21 CST 2026 balance=41.9289
[sf_watchdog] Mon Jul  6 02:22:21 CST 2026 balance=41.9289
[sf_watchdog] Mon Jul  6 02:24:21 CST 2026 balance=41.9289
[sf_watchdog] Mon Jul  6 02:26:22 CST 2026 balance=41.9289
[sf_watchdog] Mon Jul  6 02:28:22 CST 2026 balance=41.9289
[sf_watchdog] Mon Jul  6 02:30:22 CST 2026 balance=41.9289
[sf_watchdog] Mon Jul  6 02:32:22 CST 2026 balance=41.9289
[sf_watchdog] Mon Jul  6 02:34:23 CST 2026 balance=41.9289
[sf_watchdog] Mon Jul  6 02:36:23 CST 2026 balance=41.9289
[sf_watchdog] Mon Jul  6 02:38:23 CST 2026 balance=41.9289
[sf_watchdog] Mon Jul  6 02:40:23 CST 2026 balance=41.9289
[sf_watchdog] Mon Jul  6 02:42:24 CST 2026 balance=41.9289
[sf_watchdog] Mon Jul  6 02:44:24 CST 2026 balance=41.9289
[sf_watchdog] Mon Jul  6 02:46:24 CST 2026 balance=41.9289
[sf_watchdog] Mon Jul  6 02:48:25 CST 2026 balance=41.9289
[sf_watchdog] Mon Jul  6 02:50:26 CST 2026 balance=41.9289
[sf_watchdog] Mon Jul  6 02:52:26 CST 2026 balance=41.9289
[sf_watchdog] Mon Jul  6 02:54:26 CST 2026 balance=41.9289
[sf_watchdog] Mon Jul  6 02:56:27 CST 2026 balance=41.9289
[sf_watchdog] Mon Jul  6 02:58:38 CST 2026 balance=41.9289
[sf_watchdog] Mon Jul  6 03:00:42 CST 2026 balance=41.9289
[sf_watchdog] Mon Jul  6 03:02:43 CST 2026 balance=41.9289
[sf_watchdog] Mon Jul  6 03:04:43 CST 2026 balance=41.9289
[sf_watchdog] Mon Jul  6 03:06:44 CST 2026 balance=41.9289
[sf_watchdog] Mon Jul  6 03:08:44 CST 2026 balance=41.9289
[sf_watchdog] Mon Jul  6 03:10:44 CST 2026 balance=41.9289
[sf_watchdog] Mon Jul  6 03:12:44 CST 2026 balance=41.9289
[sf_watchdog] Mon Jul  6 03:14:44 CST 2026 balance=41.9289
[sf_watchdog] Mon Jul  6 03:16:45 CST 2026 balance=41.9289
[sf_watchdog] Mon Jul  6 03:18:45 CST 2026 balance=41.9289
[sf_watchdog] Mon Jul  6 03:20:45 CST 2026 balance=41.9289
[sf_watchdog] Mon Jul  6 03:22:45 CST 2026 balance=41.9289
[sf_watchdog] Mon Jul  6 03:24:46 CST 2026 balance=41.9289
[sf_watchdog] Mon Jul  6 03:26:46 CST 2026 balance=41.9289
[sf_watchdog] Mon Jul  6 03:28:46 CST 2026 balance=41.9289
[sf_watchdog] Mon Jul  6 03:30:46 CST 2026 balance=41.9289
[sf_watchdog] Mon Jul  6 03:32:47 CST 2026 balance=41.9289
[sf_watchdog] Mon Jul  6 03:34:47 CST 2026 balance=41.9289
[sf_watchdog] started Mon Jul  6 11:44:32 CST 2026 floor=3.0
[sf_watchdog] Mon Jul  6 11:44:33 CST 2026 balance=41.9289
[sf_watchdog] Mon Jul  6 11:46:33 CST 2026 balance=41.9289
[sf_watchdog] Mon Jul  6 11:48:33 CST 2026 balance=41.9289
[sf_watchdog] Mon Jul  6 11:50:33 CST 2026 balance=41.9289
[sf_watchdog] Mon Jul  6 11:52:34 CST 2026 balance=41.9289
[sf_watchdog] Mon Jul  6 11:54:34 CST 2026 balance=41.9289
[sf_watchdog] Mon Jul  6 11:56:34 CST 2026 balance=41.9289
[sf_watchdog] Mon Jul  6 11:58:34 CST 2026 balance=41.9289
[sf_watchdog] Mon Jul  6 12:00:34 CST 2026 balance=41.9289
[sf_watchdog] Mon Jul  6 12:02:34 CST 2026 balance=41.9289
[sf_watchdog] Mon Jul  6 12:04:34 CST 2026 balance=41.9289
[sf_watchdog] Mon Jul  6 12:06:34 CST 2026 balance=41.9289
[sf_watchdog] Mon Jul  6 12:08:35 CST 2026 balance=41.9289
[sf_watchdog] Mon Jul  6 12:10:35 CST 2026 balance=41.9289
[sf_watchdog] Mon Jul  6 12:12:35 CST 2026 balance=41.9289
[sf_watchdog] Mon Jul  6 12:14:35 CST 2026 balance=41.9289
[sf_watchdog] Mon Jul  6 12:16:36 CST 2026 balance=41.9289
[sf_watchdog] Mon Jul  6 12:18:36 CST 2026 balance=41.9289
[sf_watchdog] Mon Jul  6 12:20:36 CST 2026 balance=41.9289
[sf_watchdog] Mon Jul  6 12:22:36 CST 2026 balance=41.9289
[sf_watchdog] Mon Jul  6 12:24:36 CST 2026 balance=41.9289
[sf_watchdog] Mon Jul  6 12:26:37 CST 2026 balance=41.9289
[sf_watchdog] Mon Jul  6 12:28:37 CST 2026 balance=41.9289
[sf_watchdog] Mon Jul  6 12:30:37 CST 2026 balance=41.9289
[sf_watchdog] Mon Jul  6 12:32:37 CST 2026 balance=41.9289
[sf_watchdog] Mon Jul  6 12:34:38 CST 2026 balance=41.9289
[sf_watchdog] Mon Jul  6 12:36:38 CST 2026 balance=41.9289
[sf_watchdog] Mon Jul  6 12:38:38 CST 2026 balance=41.9289
[sf_watchdog] Mon Jul  6 12:40:38 CST 2026 balance=41.9289
[sf_watchdog] Mon Jul  6 12:42:39 CST 2026 balance=41.9289
[sf_watchdog] Mon Jul  6 12:44:39 CST 2026 balance=41.9289
[sf_watchdog] Mon Jul  6 12:46:39 CST 2026 balance=41.9289
[sf_watchdog] Mon Jul  6 12:48:39 CST 2026 balance=41.9289
[sf_watchdog] Mon Jul  6 12:50:39 CST 2026 balance=41.9289
[sf_watchdog] Mon Jul  6 12:52:40 CST 2026 balance=41.9289
[sf_watchdog] Mon Jul  6 12:54:40 CST 2026 balance=41.9289
[sf_watchdog] Mon Jul  6 12:56:40 CST 2026 balance=41.9289
[sf_watchdog] Mon Jul  6 12:58:40 CST 2026 balance=41.9289
[sf_watchdog] Mon Jul  6 13:00:40 CST 2026 balance=41.9289
[sf_watchdog] Mon Jul  6 13:02:40 CST 2026 balance=41.9289
[sf_watchdog] Mon Jul  6 13:04:41 CST 2026 balance=41.9289
[sf_watchdog] Mon Jul  6 13:06:41 CST 2026 balance=41.9289
[sf_watchdog] Mon Jul  6 13:08:41 CST 2026 balance=41.9289
[sf_watchdog] Mon Jul  6 13:10:41 CST 2026 balance=41.9289
[sf_watchdog] Mon Jul  6 13:12:42 CST 2026 balance=41.9289
[sf_watchdog] Mon Jul  6 13:14:42 CST 2026 balance=41.9289
[sf_watchdog] Mon Jul  6 13:16:42 CST 2026 balance=41.9289
[sf_watchdog] Mon Jul  6 13:18:42 CST 2026 balance=41.9289
[sf_watchdog] Mon Jul  6 13:20:43 CST 2026 balance=41.9289
[sf_watchdog] Mon Jul  6 13:22:43 CST 2026 balance=41.9289
[sf_watchdog] Mon Jul  6 13:24:43 CST 2026 balance=41.9289
[sf_watchdog] Mon Jul  6 13:26:43 CST 2026 balance=41.9289
[sf_watchdog] Mon Jul  6 13:28:43 CST 2026 balance=41.9289
[sf_watchdog] Mon Jul  6 13:30:44 CST 2026 balance=41.9289
[sf_watchdog] Mon Jul  6 13:32:44 CST 2026 balance=41.9289
[sf_watchdog] Mon Jul  6 13:34:44 CST 2026 balance=41.9289
[sf_watchdog] Mon Jul  6 13:36:44 CST 2026 balance=41.9289
[sf_watchdog] Mon Jul  6 13:38:45 CST 2026 balance=41.9289
[sf_watchdog] Mon Jul  6 13:40:45 CST 2026 balance=41.9289
[sf_watchdog] Mon Jul  6 13:42:45 CST 2026 balance=41.9289
[sf_watchdog] Mon Jul  6 13:44:45 CST 2026 balance=41.9289
[sf_watchdog] Mon Jul  6 13:46:46 CST 2026 balance=41.9289
[sf_watchdog] Mon Jul  6 13:48:46 CST 2026 balance=41.9289
[sf_watchdog] Mon Jul  6 13:50:46 CST 2026 balance=41.9289
[sf_watchdog] Mon Jul  6 13:52:46 CST 2026 balance=41.9289
[sf_watchdog] Mon Jul  6 13:54:47 CST 2026 balance=41.9289
[sf_watchdog] Mon Jul  6 13:56:47 CST 2026 balance=41.9289
[sf_watchdog] Mon Jul  6 13:58:47 CST 2026 balance=41.9289
[sf_watchdog] Mon Jul  6 14:00:47 CST 2026 balance=41.9289
[sf_watchdog] Mon Jul  6 14:02:47 CST 2026 balance=41.9289
[sf_watchdog] Mon Jul  6 14:04:47 CST 2026 balance=41.9289
[sf_watchdog] Mon Jul  6 14:06:47 CST 2026 balance=41.9289
[sf_watchdog] Mon Jul  6 14:08:47 CST 2026 balance=41.9289
[sf_watchdog] Mon Jul  6 14:10:48 CST 2026 balance=41.9289
[sf_watchdog] Mon Jul  6 14:12:48 CST 2026 balance=41.9289
[sf_watchdog] Mon Jul  6 14:14:48 CST 2026 balance=41.9289
[sf_watchdog] Mon Jul  6 14:16:48 CST 2026 balance=41.9289
[sf_watchdog] Mon Jul  6 14:18:49 CST 2026 balance=41.9289
[sf_watchdog] Mon Jul  6 14:20:49 CST 2026 balance=41.9289
[sf_watchdog] Mon Jul  6 14:22:49 CST 2026 balance=41.9289
[sf_watchdog] Mon Jul  6 14:24:49 CST 2026 balance=41.9289
[sf_watchdog] Mon Jul  6 14:26:50 CST 2026 balance=41.9289
[sf_watchdog] Mon Jul  6 14:28:50 CST 2026 balance=41.9289
[sf_watchdog] Mon Jul  6 14:30:50 CST 2026 balance=41.9289
[sf_watchdog] Mon Jul  6 14:32:50 CST 2026 balance=41.9289
[sf_watchdog] Mon Jul  6 14:34:50 CST 2026 balance=41.9289
[sf_watchdog] Mon Jul  6 14:36:51 CST 2026 balance=41.9289
[sf_watchdog] Mon Jul  6 14:38:51 CST 2026 balance=41.9289
[sf_watchdog] Mon Jul  6 14:40:51 CST 2026 balance=41.9289
[sf_watchdog] Mon Jul  6 14:42:52 CST 2026 balance=41.9289
[sf_watchdog] Mon Jul  6 14:44:52 CST 2026 balance=41.9289
[sf_watchdog] Mon Jul  6 14:46:52 CST 2026 balance=41.9289
[sf_watchdog] Mon Jul  6 14:48:52 CST 2026 balance=41.9289
[sf_watchdog] Mon Jul  6 14:50:52 CST 2026 balance=41.9289
[sf_watchdog] Mon Jul  6 14:52:53 CST 2026 balance=41.9289
[sf_watchdog] Mon Jul  6 14:54:53 CST 2026 balance=41.9289
[sf_watchdog] Mon Jul  6 14:56:53 CST 2026 balance=41.9289
[sf_watchdog] Mon Jul  6 14:58:53 CST 2026 balance=41.9289
[sf_watchdog] Mon Jul  6 15:00:53 CST 2026 balance=41.9289
[sf_watchdog] Mon Jul  6 15:02:53 CST 2026 balance=41.9289
[sf_watchdog] Mon Jul  6 15:04:54 CST 2026 balance=41.9289
[sf_watchdog] Mon Jul  6 15:06:54 CST 2026 balance=41.9289
[sf_watchdog] started Mon Jul  6 18:46:02 CST 2026 floor=3.0
[sf_watchdog] Mon Jul  6 18:46:03 CST 2026 balance=41.9289
[sf_watchdog] Mon Jul  6 18:48:03 CST 2026 balance=41.9289
[sf_watchdog] Mon Jul  6 18:50:03 CST 2026 balance=41.9289
[sf_watchdog] Mon Jul  6 18:52:03 CST 2026 balance=41.9289
[sf_watchdog] Mon Jul  6 18:54:03 CST 2026 balance=41.9289
[sf_watchdog] Mon Jul  6 18:56:04 CST 2026 balance=41.9289
[sf_watchdog] Mon Jul  6 18:58:04 CST 2026 balance=41.9289
[sf_watchdog] Mon Jul  6 19:00:04 CST 2026 balance=41.9289
[sf_watchdog] Mon Jul  6 19:02:04 CST 2026 balance=41.9289
[sf_watchdog] Mon Jul  6 19:04:04 CST 2026 balance=41.9289
[sf_watchdog] Mon Jul  6 19:06:05 CST 2026 balance=41.9289
[sf_watchdog] Mon Jul  6 19:08:05 CST 2026 balance=41.9289
[sf_watchdog] Mon Jul  6 19:10:05 CST 2026 balance=41.9289
[sf_watchdog] Mon Jul  6 19:12:05 CST 2026 balance=41.9289
[sf_watchdog] Mon Jul  6 19:14:05 CST 2026 balance=41.9289
[sf_watchdog] Mon Jul  6 19:16:06 CST 2026 balance=41.9289
[sf_watchdog] Mon Jul  6 19:18:06 CST 2026 balance=41.9289
[sf_watchdog] Mon Jul  6 19:20:06 CST 2026 balance=41.9289
[sf_watchdog] Mon Jul  6 19:22:06 CST 2026 balance=41.9289
[sf_watchdog] Mon Jul  6 19:24:07 CST 2026 balance=41.9289
[sf_watchdog] Mon Jul  6 19:26:07 CST 2026 balance=41.9289
[sf_watchdog] Mon Jul  6 19:28:07 CST 2026 balance=41.9289
[sf_watchdog] Mon Jul  6 19:30:07 CST 2026 balance=41.9289
[sf_watchdog] Mon Jul  6 19:32:08 CST 2026 balance=41.9289
[sf_watchdog] Mon Jul  6 19:34:08 CST 2026 balance=41.9289
[sf_watchdog] Mon Jul  6 19:36:08 CST 2026 balance=41.9289
[sf_watchdog] Mon Jul  6 19:38:08 CST 2026 balance=41.9289
[sf_watchdog] Mon Jul  6 19:40:09 CST 2026 balance=41.9289
[sf_watchdog] Mon Jul  6 19:42:09 CST 2026 balance=41.9289
[sf_watchdog] Mon Jul  6 19:44:09 CST 2026 balance=41.9289
[sf_watchdog] Mon Jul  6 19:46:09 CST 2026 balance=41.9289
[sf_watchdog] Mon Jul  6 19:48:09 CST 2026 balance=41.9289
[sf_watchdog] Mon Jul  6 19:50:10 CST 2026 balance=64.9289
[sf_watchdog] Mon Jul  6 19:52:10 CST 2026 balance=64.9289
[sf_watchdog] Mon Jul  6 19:54:10 CST 2026 balance=64.9289
[sf_watchdog] Mon Jul  6 19:56:10 CST 2026 balance=64.9289
[sf_watchdog] Mon Jul  6 19:58:11 CST 2026 balance=64.9289
[sf_watchdog] Mon Jul  6 20:00:10 CST 2026 balance=64.9289
[sf_watchdog] Mon Jul  6 20:02:10 CST 2026 balance=64.9289
[sf_watchdog] Mon Jul  6 20:04:11 CST 2026 balance=64.9289
[sf_watchdog] Mon Jul  6 20:06:11 CST 2026 balance=64.9289
[sf_watchdog] Mon Jul  6 20:08:11 CST 2026 balance=64.9289
[sf_watchdog] Mon Jul  6 20:10:11 CST 2026 balance=64.9289
[sf_watchdog] Mon Jul  6 20:12:12 CST 2026 balance=64.9289
[sf_watchdog] Mon Jul  6 20:14:12 CST 2026 balance=64.9289
[sf_watchdog] Mon Jul  6 20:16:12 CST 2026 balance=64.9289
[sf_watchdog] Mon Jul  6 20:18:12 CST 2026 balance=64.9289
[sf_watchdog] Mon Jul  6 20:20:12 CST 2026 balance=64.9289
[sf_watchdog] Mon Jul  6 20:22:13 CST 2026 balance=64.9289
[sf_watchdog] Mon Jul  6 20:24:13 CST 2026 balance=64.9289
[sf_watchdog] Mon Jul  6 20:26:13 CST 2026 balance=64.9289
[sf_watchdog] Mon Jul  6 20:28:13 CST 2026 balance=64.9289
[sf_watchdog] Mon Jul  6 20:30:14 CST 2026 balance=64.9289
[sf_watchdog] Mon Jul  6 20:32:14 CST 2026 balance=64.9289
[sf_watchdog] Mon Jul  6 20:34:14 CST 2026 balance=64.9289
[sf_watchdog] Mon Jul  6 20:36:14 CST 2026 balance=64.9289
[sf_watchdog] Mon Jul  6 20:38:15 CST 2026 balance=64.9289
[sf_watchdog] Mon Jul  6 20:40:15 CST 2026 balance=64.9289
[sf_watchdog] Mon Jul  6 20:42:15 CST 2026 balance=64.9289
[sf_watchdog] Mon Jul  6 20:44:15 CST 2026 balance=64.9289
[sf_watchdog] Mon Jul  6 20:46:15 CST 2026 balance=64.9289
[sf_watchdog] Mon Jul  6 20:48:16 CST 2026 balance=64.9289
[sf_watchdog] Mon Jul  6 20:50:16 CST 2026 balance=64.9289
[sf_watchdog] Mon Jul  6 20:52:16 CST 2026 balance=64.9289
[sf_watchdog] Mon Jul  6 20:54:16 CST 2026 balance=64.9289
[sf_watchdog] Mon Jul  6 20:56:17 CST 2026 balance=64.9289
[sf_watchdog] Mon Jul  6 20:58:17 CST 2026 balance=64.9289
[sf_watchdog] Mon Jul  6 21:00:17 CST 2026 balance=64.9289
[sf_watchdog] Mon Jul  6 21:02:17 CST 2026 balance=64.9289
[sf_watchdog] Mon Jul  6 21:04:17 CST 2026 balance=64.9289
[sf_watchdog] Mon Jul  6 21:06:17 CST 2026 balance=64.9289
[sf_watchdog] Mon Jul  6 21:08:18 CST 2026 balance=64.9289
[sf_watchdog] Mon Jul  6 21:10:18 CST 2026 balance=64.9289
[sf_watchdog] Mon Jul  6 21:12:18 CST 2026 balance=64.9289
[sf_watchdog] Mon Jul  6 21:14:18 CST 2026 balance=64.9289
[sf_watchdog] Mon Jul  6 21:16:18 CST 2026 balance=64.9289
[sf_watchdog] Mon Jul  6 21:18:19 CST 2026 balance=64.9289
[sf_watchdog] Mon Jul  6 21:20:19 CST 2026 balance=64.9289
[sf_watchdog] Mon Jul  6 21:22:19 CST 2026 balance=64.9289
[sf_watchdog] Mon Jul  6 21:24:19 CST 2026 balance=64.9289
[sf_watchdog] Mon Jul  6 21:26:20 CST 2026 balance=64.9289
[sf_watchdog] Mon Jul  6 21:28:20 CST 2026 balance=64.9289
[sf_watchdog] Mon Jul  6 21:30:20 CST 2026 balance=64.9289
[sf_watchdog] Mon Jul  6 21:32:20 CST 2026 balance=64.9289
[sf_watchdog] Mon Jul  6 21:34:21 CST 2026 balance=64.9289
[sf_watchdog] Mon Jul  6 21:36:21 CST 2026 balance=64.9289
[sf_watchdog] Mon Jul  6 21:38:21 CST 2026 balance=64.9289
[sf_watchdog] Mon Jul  6 21:40:21 CST 2026 balance=64.9289
[sf_watchdog] Mon Jul  6 21:42:21 CST 2026 balance=64.9289
[sf_watchdog] Mon Jul  6 21:44:22 CST 2026 balance=64.9289
[sf_watchdog] Mon Jul  6 21:46:22 CST 2026 balance=64.9289
[sf_watchdog] Mon Jul  6 21:48:22 CST 2026 balance=64.9289
[sf_watchdog] Mon Jul  6 21:50:22 CST 2026 balance=64.9289
[sf_watchdog] Mon Jul  6 21:52:23 CST 2026 balance=64.9289
[sf_watchdog] Mon Jul  6 21:54:23 CST 2026 balance=64.9289
[sf_watchdog] Mon Jul  6 21:56:23 CST 2026 balance=64.9289
[sf_watchdog] Mon Jul  6 21:58:23 CST 2026 balance=64.9289
[sf_watchdog] Mon Jul  6 22:00:23 CST 2026 balance=64.9289
[sf_watchdog] Mon Jul  6 22:02:24 CST 2026 balance=64.9289
[sf_watchdog] Mon Jul  6 22:04:24 CST 2026 balance=64.9289
[sf_watchdog] Mon Jul  6 22:06:24 CST 2026 balance=64.9289
[sf_watchdog] Mon Jul  6 22:08:24 CST 2026 balance=64.9289
[sf_watchdog] Mon Jul  6 22:10:25 CST 2026 balance=64.9289
[sf_watchdog] Mon Jul  6 22:12:25 CST 2026 balance=64.9289
[sf_watchdog] Mon Jul  6 22:14:25 CST 2026 balance=64.9289
[sf_watchdog] Mon Jul  6 22:16:25 CST 2026 balance=64.9289
[sf_watchdog] Mon Jul  6 22:18:25 CST 2026 balance=64.9289
[sf_watchdog] Mon Jul  6 22:20:26 CST 2026 balance=64.9289
[sf_watchdog] Mon Jul  6 22:22:26 CST 2026 balance=64.9289
[sf_watchdog] Mon Jul  6 22:24:26 CST 2026 balance=64.9289
[sf_watchdog] Mon Jul  6 22:26:26 CST 2026 balance=64.9289
[sf_watchdog] Mon Jul  6 22:28:27 CST 2026 balance=64.9289
[sf_watchdog] Mon Jul  6 22:30:27 CST 2026 balance=64.9289
[sf_watchdog] Mon Jul  6 22:32:27 CST 2026 balance=64.9289
[sf_watchdog] Mon Jul  6 22:34:27 CST 2026 balance=64.9289
[sf_watchdog] Mon Jul  6 22:36:28 CST 2026 balance=64.9289
[sf_watchdog] Mon Jul  6 22:38:28 CST 2026 balance=64.9289
[sf_watchdog] Mon Jul  6 22:40:28 CST 2026 balance=64.9289
[sf_watchdog] Mon Jul  6 22:42:28 CST 2026 balance=64.9289
[sf_watchdog] Mon Jul  6 22:44:29 CST 2026 balance=64.9289
[sf_watchdog] Mon Jul  6 22:46:29 CST 2026 balance=64.9289
[sf_watchdog] Mon Jul  6 22:48:29 CST 2026 balance=64.9289
[sf_watchdog] Mon Jul  6 22:50:29 CST 2026 balance=64.9289
[sf_watchdog] Mon Jul  6 22:52:30 CST 2026 balance=64.9289
[sf_watchdog] Mon Jul  6 22:54:30 CST 2026 balance=64.9289
[sf_watchdog] Mon Jul  6 22:56:30 CST 2026 balance=64.9289
[sf_watchdog] Mon Jul  6 22:58:30 CST 2026 balance=64.9289
[sf_watchdog] Mon Jul  6 23:00:30 CST 2026 balance=64.9289
[sf_watchdog] Mon Jul  6 23:02:30 CST 2026 balance=64.9289
[sf_watchdog] Mon Jul  6 23:04:30 CST 2026 balance=64.9289
[sf_watchdog] Mon Jul  6 23:06:31 CST 2026 balance=64.9289
[sf_watchdog] Mon Jul  6 23:08:31 CST 2026 balance=64.9289
[sf_watchdog] Mon Jul  6 23:10:31 CST 2026 balance=64.9289
[sf_watchdog] Mon Jul  6 23:12:31 CST 2026 balance=64.9289
[sf_watchdog] Mon Jul  6 23:14:31 CST 2026 balance=64.9289
[sf_watchdog] Mon Jul  6 23:16:32 CST 2026 balance=64.9289
[sf_watchdog] Mon Jul  6 23:18:32 CST 2026 balance=64.9289
[sf_watchdog] Mon Jul  6 23:20:32 CST 2026 balance=64.9289
[sf_watchdog] Mon Jul  6 23:22:32 CST 2026 balance=64.9289
[sf_watchdog] Mon Jul  6 23:24:33 CST 2026 balance=64.9289
[sf_watchdog] Mon Jul  6 23:26:33 CST 2026 balance=64.9289
[sf_watchdog] Mon Jul  6 23:28:33 CST 2026 balance=64.9289
[sf_watchdog] Mon Jul  6 23:30:33 CST 2026 balance=64.9289
[sf_watchdog] Mon Jul  6 23:32:34 CST 2026 balance=64.9289
[sf_watchdog] Mon Jul  6 23:34:34 CST 2026 balance=64.9289
[sf_watchdog] Mon Jul  6 23:36:34 CST 2026 balance=64.9289
[sf_watchdog] Mon Jul  6 23:38:34 CST 2026 balance=64.9289
[sf_watchdog] Mon Jul  6 23:40:35 CST 2026 balance=64.9289
[sf_watchdog] Mon Jul  6 23:42:35 CST 2026 balance=64.9289
[sf_watchdog] Mon Jul  6 23:44:35 CST 2026 balance=64.9289
[sf_watchdog] Mon Jul  6 23:46:35 CST 2026 balance=64.9289
[sf_watchdog] Mon Jul  6 23:48:35 CST 2026 balance=64.9289
[sf_watchdog] Mon Jul  6 23:50:36 CST 2026 balance=64.9289
[sf_watchdog] Mon Jul  6 23:52:36 CST 2026 balance=64.9289
[sf_watchdog] Mon Jul  6 23:54:36 CST 2026 balance=64.9289
[sf_watchdog] Mon Jul  6 23:56:36 CST 2026 balance=64.9289
[sf_watchdog] Mon Jul  6 23:58:37 CST 2026 balance=64.9289
[sf_watchdog] Tue Jul  7 00:00:37 CST 2026 balance=64.9289
[sf_watchdog] Tue Jul  7 00:02:37 CST 2026 balance=64.9289
[sf_watchdog] Tue Jul  7 00:04:37 CST 2026 balance=64.9289
[sf_watchdog] Tue Jul  7 00:06:37 CST 2026 balance=64.9289
[sf_watchdog] Tue Jul  7 00:08:38 CST 2026 balance=64.9289
[sf_watchdog] Tue Jul  7 00:10:38 CST 2026 balance=64.9289
[sf_watchdog] Tue Jul  7 00:12:38 CST 2026 balance=64.9289
[sf_watchdog] Tue Jul  7 00:14:38 CST 2026 balance=64.9289
[sf_watchdog] Tue Jul  7 00:16:39 CST 2026 balance=64.9289
[sf_watchdog] Tue Jul  7 00:18:39 CST 2026 balance=64.9289
[sf_watchdog] Tue Jul  7 00:20:39 CST 2026 balance=64.9289
[sf_watchdog] Tue Jul  7 00:22:39 CST 2026 balance=64.9289
[sf_watchdog] Tue Jul  7 00:24:40 CST 2026 balance=64.9289
[sf_watchdog] Tue Jul  7 00:26:40 CST 2026 balance=64.9289
[sf_watchdog] Tue Jul  7 00:28:40 CST 2026 balance=64.9289
[sf_watchdog] Tue Jul  7 00:30:40 CST 2026 balance=64.9289
[sf_watchdog] Tue Jul  7 00:32:40 CST 2026 balance=64.9289
[sf_watchdog] Tue Jul  7 00:34:41 CST 2026 balance=64.9289
[sf_watchdog] Tue Jul  7 00:36:41 CST 2026 balance=64.9289
[sf_watchdog] Tue Jul  7 00:38:41 CST 2026 balance=64.9289
[sf_watchdog] Tue Jul  7 00:40:41 CST 2026 balance=64.9289
[sf_watchdog] Tue Jul  7 00:42:42 CST 2026 balance=64.9289
[sf_watchdog] Tue Jul  7 00:44:42 CST 2026 balance=64.9289
[sf_watchdog] Tue Jul  7 00:46:42 CST 2026 balance=64.9289
[sf_watchdog] Tue Jul  7 00:48:42 CST 2026 balance=64.9289
[sf_watchdog] Tue Jul  7 00:50:43 CST 2026 balance=64.9289
[sf_watchdog] Tue Jul  7 00:52:43 CST 2026 balance=64.9289
[sf_watchdog] Tue Jul  7 00:54:43 CST 2026 balance=64.9289
[sf_watchdog] Tue Jul  7 00:56:43 CST 2026 balance=64.9289
[sf_watchdog] Tue Jul  7 00:58:44 CST 2026 balance=64.9289
[sf_watchdog] Tue Jul  7 01:00:43 CST 2026 balance=64.9289
[sf_watchdog] Tue Jul  7 01:02:44 CST 2026 balance=64.9289
[sf_watchdog] Tue Jul  7 01:04:44 CST 2026 balance=64.9289
[sf_watchdog] Tue Jul  7 01:06:44 CST 2026 balance=64.9289
[sf_watchdog] Tue Jul  7 01:08:44 CST 2026 balance=64.9289
[sf_watchdog] Tue Jul  7 01:10:45 CST 2026 balance=64.9289
[sf_watchdog] Tue Jul  7 01:12:45 CST 2026 balance=64.9289
[sf_watchdog] Tue Jul  7 01:14:45 CST 2026 balance=64.9289
[sf_watchdog] Tue Jul  7 01:16:45 CST 2026 balance=64.9289
[sf_watchdog] Tue Jul  7 01:18:45 CST 2026 balance=64.9289
[sf_watchdog] Tue Jul  7 01:20:46 CST 2026 balance=64.9289
[sf_watchdog] Tue Jul  7 01:22:46 CST 2026 balance=64.9289
[sf_watchdog] Tue Jul  7 01:24:46 CST 2026 balance=64.9289
[sf_watchdog] Tue Jul  7 01:26:46 CST 2026 balance=64.9289
[sf_watchdog] Tue Jul  7 01:28:47 CST 2026 balance=64.9289
[sf_watchdog] Tue Jul  7 01:30:47 CST 2026 balance=64.9289
[sf_watchdog] Tue Jul  7 01:32:47 CST 2026 balance=64.9289
[sf_watchdog] Tue Jul  7 01:34:47 CST 2026 balance=64.9289
[sf_watchdog] Tue Jul  7 01:36:48 CST 2026 balance=64.9289
[sf_watchdog] Tue Jul  7 01:38:48 CST 2026 balance=64.9289
[sf_watchdog] Tue Jul  7 01:40:48 CST 2026 balance=64.9289
[sf_watchdog] Tue Jul  7 01:42:48 CST 2026 balance=64.9289
[sf_watchdog] Tue Jul  7 01:44:49 CST 2026 balance=64.9289
[sf_watchdog] Tue Jul  7 01:46:49 CST 2026 balance=64.9289
[sf_watchdog] Tue Jul  7 01:48:49 CST 2026 balance=64.9289
[sf_watchdog] Tue Jul  7 01:50:49 CST 2026 balance=64.9289
[sf_watchdog] Tue Jul  7 01:52:50 CST 2026 balance=64.9289
[sf_watchdog] Tue Jul  7 01:54:50 CST 2026 balance=64.9289
[sf_watchdog] Tue Jul  7 01:56:50 CST 2026 balance=64.9289
[sf_watchdog] started Tue Jul  7 16:17:35 CST 2026 floor=3.0
[sf_watchdog] Tue Jul  7 16:17:36 CST 2026 balance=64.9289
[sf_watchdog] Tue Jul  7 16:19:36 CST 2026 balance=64.9289
[sf_watchdog] Tue Jul  7 16:21:36 CST 2026 balance=64.9289
[sf_watchdog] Tue Jul  7 16:23:36 CST 2026 balance=64.9289
[sf_watchdog] Tue Jul  7 16:25:37 CST 2026 balance=64.9289
[sf_watchdog] Tue Jul  7 16:27:37 CST 2026 balance=64.9289
[sf_watchdog] Tue Jul  7 16:29:37 CST 2026 balance=64.9289
[sf_watchdog] Tue Jul  7 16:31:37 CST 2026 balance=64.9289
[sf_watchdog] Tue Jul  7 16:33:38 CST 2026 balance=64.9289
[sf_watchdog] Tue Jul  7 16:35:38 CST 2026 balance=64.9289
[sf_watchdog] Tue Jul  7 16:37:38 CST 2026 balance=64.9289
[sf_watchdog] Tue Jul  7 16:39:38 CST 2026 balance=64.9289
[sf_watchdog] Tue Jul  7 16:41:38 CST 2026 balance=64.9289
[sf_watchdog] Tue Jul  7 16:43:39 CST 2026 balance=64.9289
[sf_watchdog] Tue Jul  7 16:45:39 CST 2026 balance=64.9289
[sf_watchdog] Tue Jul  7 16:47:39 CST 2026 balance=64.9289
[sf_watchdog] Tue Jul  7 16:49:39 CST 2026 balance=64.9289
[sf_watchdog] Tue Jul  7 16:51:40 CST 2026 balance=64.9289
[sf_watchdog] Tue Jul  7 16:53:40 CST 2026 balance=64.9289
[sf_watchdog] Tue Jul  7 16:55:40 CST 2026 balance=64.9289
[sf_watchdog] Tue Jul  7 16:57:40 CST 2026 balance=64.9289
[sf_watchdog] Tue Jul  7 16:59:41 CST 2026 balance=64.9289
[sf_watchdog] Tue Jul  7 17:01:40 CST 2026 balance=64.9289
[sf_watchdog] Tue Jul  7 17:03:41 CST 2026 balance=64.9289
[sf_watchdog] Tue Jul  7 17:05:41 CST 2026 balance=64.9289
[sf_watchdog] Tue Jul  7 17:07:41 CST 2026 balance=64.9289
[sf_watchdog] Tue Jul  7 17:09:41 CST 2026 balance=64.9289
[sf_watchdog] Tue Jul  7 17:11:41 CST 2026 balance=64.9289
[sf_watchdog] Tue Jul  7 17:13:42 CST 2026 balance=64.9289
[sf_watchdog] Tue Jul  7 17:15:42 CST 2026 balance=64.9289
[sf_watchdog] Tue Jul  7 17:17:42 CST 2026 balance=64.9289
[sf_watchdog] Tue Jul  7 17:19:42 CST 2026 balance=64.9289
[sf_watchdog] Tue Jul  7 17:21:43 CST 2026 balance=64.9289
[sf_watchdog] Tue Jul  7 17:23:43 CST 2026 balance=64.9289
[sf_watchdog] Tue Jul  7 17:25:43 CST 2026 balance=64.9289
[sf_watchdog] Tue Jul  7 17:27:43 CST 2026 balance=64.9289
[sf_watchdog] Tue Jul  7 17:29:43 CST 2026 balance=64.9289
[sf_watchdog] Tue Jul  7 17:31:44 CST 2026 balance=64.9289
[sf_watchdog] Tue Jul  7 17:33:44 CST 2026 balance=64.9289
[sf_watchdog] Tue Jul  7 17:35:44 CST 2026 balance=64.9289
[sf_watchdog] Tue Jul  7 17:37:44 CST 2026 balance=64.9289
[sf_watchdog] Tue Jul  7 17:39:45 CST 2026 balance=64.9289
[sf_watchdog] Tue Jul  7 17:41:45 CST 2026 balance=64.9289
[sf_watchdog] Tue Jul  7 17:43:45 CST 2026 balance=64.9289
[sf_watchdog] Tue Jul  7 17:45:45 CST 2026 balance=64.9289
[sf_watchdog] Tue Jul  7 17:47:46 CST 2026 balance=64.9289
[sf_watchdog] Tue Jul  7 17:49:46 CST 2026 balance=64.9289
[sf_watchdog] Tue Jul  7 17:51:46 CST 2026 balance=64.9289
[sf_watchdog] Tue Jul  7 17:53:46 CST 2026 balance=64.9289
[sf_watchdog] Tue Jul  7 17:55:46 CST 2026 balance=64.9289
[sf_watchdog] Tue Jul  7 17:57:47 CST 2026 balance=64.9289
[sf_watchdog] Tue Jul  7 17:59:47 CST 2026 balance=64.9289
[sf_watchdog] Tue Jul  7 18:01:46 CST 2026 balance=64.9289
[sf_watchdog] Tue Jul  7 18:03:46 CST 2026 balance=64.9289
[sf_watchdog] Tue Jul  7 18:05:47 CST 2026 balance=64.9289
[sf_watchdog] Tue Jul  7 18:07:47 CST 2026 balance=64.9289
[sf_watchdog] Tue Jul  7 18:09:47 CST 2026 balance=64.9289
[sf_watchdog] Tue Jul  7 18:11:47 CST 2026 balance=64.9289
[sf_watchdog] Tue Jul  7 18:13:48 CST 2026 balance=64.9289
[sf_watchdog] Tue Jul  7 18:15:48 CST 2026 balance=64.9289
[sf_watchdog] Tue Jul  7 18:17:48 CST 2026 balance=64.9289
[sf_watchdog] Tue Jul  7 18:19:48 CST 2026 balance=64.9289
[sf_watchdog] Tue Jul  7 18:21:49 CST 2026 balance=64.9289
[sf_watchdog] Tue Jul  7 18:23:49 CST 2026 balance=64.9289
[sf_watchdog] Tue Jul  7 18:25:49 CST 2026 balance=64.9289
[sf_watchdog] Tue Jul  7 18:27:49 CST 2026 balance=64.9289
[sf_watchdog] Tue Jul  7 18:29:49 CST 2026 balance=64.9289
[sf_watchdog] Tue Jul  7 18:31:50 CST 2026 balance=64.9289
[sf_watchdog] Tue Jul  7 18:33:50 CST 2026 balance=64.9289
[sf_watchdog] Tue Jul  7 18:35:50 CST 2026 balance=64.9289
[sf_watchdog] Tue Jul  7 18:37:50 CST 2026 balance=64.9289
[sf_watchdog] Tue Jul  7 18:39:51 CST 2026 balance=64.9289
[sf_watchdog] Tue Jul  7 18:41:51 CST 2026 balance=64.9289
[sf_watchdog] Tue Jul  7 18:43:51 CST 2026 balance=64.9289
[sf_watchdog] Tue Jul  7 18:45:51 CST 2026 balance=64.9289
[sf_watchdog] Tue Jul  7 18:47:51 CST 2026 balance=64.9289
[sf_watchdog] Tue Jul  7 18:49:52 CST 2026 balance=64.9289
[sf_watchdog] Tue Jul  7 18:51:52 CST 2026 balance=64.9289
[sf_watchdog] Tue Jul  7 18:53:52 CST 2026 balance=64.9289
[sf_watchdog] Tue Jul  7 18:55:52 CST 2026 balance=64.9289
[sf_watchdog] Tue Jul  7 18:57:53 CST 2026 balance=64.9289
[sf_watchdog] Tue Jul  7 18:59:53 CST 2026 balance=64.9289
[sf_watchdog] Tue Jul  7 19:01:53 CST 2026 balance=64.9289
[sf_watchdog] Tue Jul  7 19:03:53 CST 2026 balance=64.9289
[sf_watchdog] Tue Jul  7 19:05:53 CST 2026 balance=64.9289
[sf_watchdog] Tue Jul  7 19:07:53 CST 2026 balance=64.9289
[sf_watchdog] Tue Jul  7 19:09:54 CST 2026 balance=64.9289
[sf_watchdog] Tue Jul  7 19:11:54 CST 2026 balance=64.9289
[sf_watchdog] Tue Jul  7 19:13:54 CST 2026 balance=64.9289
[sf_watchdog] Tue Jul  7 19:15:54 CST 2026 balance=64.9289
[sf_watchdog] Tue Jul  7 19:17:55 CST 2026 balance=64.9289
[sf_watchdog] Tue Jul  7 19:19:55 CST 2026 balance=64.9289
[sf_watchdog] Tue Jul  7 19:21:55 CST 2026 balance=64.9289
[sf_watchdog] Tue Jul  7 19:23:55 CST 2026 balance=64.9289
[sf_watchdog] Tue Jul  7 19:25:55 CST 2026 balance=64.9289
[sf_watchdog] Tue Jul  7 19:27:56 CST 2026 balance=64.9289
[sf_watchdog] Tue Jul  7 19:29:56 CST 2026 balance=64.9289
[sf_watchdog] Tue Jul  7 19:31:56 CST 2026 balance=64.9289
[sf_watchdog] Tue Jul  7 19:33:56 CST 2026 balance=64.9289
[sf_watchdog] Tue Jul  7 19:35:57 CST 2026 balance=64.9289
[sf_watchdog] Tue Jul  7 19:37:57 CST 2026 balance=64.9289
[sf_watchdog] Tue Jul  7 19:39:57 CST 2026 balance=64.9289
[sf_watchdog] Tue Jul  7 19:41:57 CST 2026 balance=64.9289
[sf_watchdog] Tue Jul  7 19:43:57 CST 2026 balance=64.9289
[sf_watchdog] Tue Jul  7 19:45:58 CST 2026 balance=64.9289
[sf_watchdog] Tue Jul  7 19:47:58 CST 2026 balance=64.9289
[sf_watchdog] Tue Jul  7 19:49:58 CST 2026 balance=64.9289
[sf_watchdog] Tue Jul  7 19:51:58 CST 2026 balance=64.9289
[sf_watchdog] Tue Jul  7 19:53:59 CST 2026 balance=64.9289
[sf_watchdog] Tue Jul  7 19:55:59 CST 2026 balance=64.9289
[sf_watchdog] Tue Jul  7 19:57:59 CST 2026 balance=64.9289
[sf_watchdog] Tue Jul  7 19:59:59 CST 2026 balance=64.9289
[sf_watchdog] Tue Jul  7 20:02:00 CST 2026 balance=64.9289
[sf_watchdog] Tue Jul  7 20:04:00 CST 2026 balance=64.9289
[sf_watchdog] Tue Jul  7 20:06:00 CST 2026 balance=64.9289
[sf_watchdog] Tue Jul  7 20:08:00 CST 2026 balance=64.9289
[sf_watchdog] Tue Jul  7 20:10:00 CST 2026 balance=64.9289
[sf_watchdog] Tue Jul  7 20:12:01 CST 2026 balance=64.9289
[sf_watchdog] Tue Jul  7 20:14:01 CST 2026 balance=64.9289
[sf_watchdog] Tue Jul  7 20:16:01 CST 2026 balance=64.9289
[sf_watchdog] Tue Jul  7 20:18:01 CST 2026 balance=64.9289
[sf_watchdog] Tue Jul  7 20:20:02 CST 2026 balance=64.9289
[sf_watchdog] Tue Jul  7 20:22:02 CST 2026 balance=64.9289
[sf_watchdog] Tue Jul  7 20:24:02 CST 2026 balance=64.9289
[sf_watchdog] Tue Jul  7 20:26:02 CST 2026 balance=64.9289
[sf_watchdog] Tue Jul  7 20:28:02 CST 2026 balance=64.9289
[sf_watchdog] Tue Jul  7 20:30:03 CST 2026 balance=64.9289
[sf_watchdog] Tue Jul  7 20:32:03 CST 2026 balance=64.9289
[sf_watchdog] Tue Jul  7 20:34:03 CST 2026 balance=64.9289
[sf_watchdog] Tue Jul  7 20:36:04 CST 2026 balance=64.9289
[sf_watchdog] Tue Jul  7 20:38:04 CST 2026 balance=64.9289
[sf_watchdog] Tue Jul  7 20:40:04 CST 2026 balance=64.9289
[sf_watchdog] Tue Jul  7 20:42:04 CST 2026 balance=64.9289
[sf_watchdog] Tue Jul  7 20:44:04 CST 2026 balance=64.9289
[sf_watchdog] Tue Jul  7 20:46:05 CST 2026 balance=64.9289
[sf_watchdog] Tue Jul  7 20:48:05 CST 2026 balance=64.9289
[sf_watchdog] Tue Jul  7 20:50:05 CST 2026 balance=64.9289
[sf_watchdog] Tue Jul  7 20:52:05 CST 2026 balance=64.9289
[sf_watchdog] Tue Jul  7 20:54:06 CST 2026 balance=64.9289
[sf_watchdog] Tue Jul  7 20:56:06 CST 2026 balance=64.9289
[sf_watchdog] Tue Jul  7 20:58:06 CST 2026 balance=64.9289
[sf_watchdog] Tue Jul  7 21:00:05 CST 2026 balance=64.9289
[sf_watchdog] Tue Jul  7 21:02:06 CST 2026 balance=64.9289
[sf_watchdog] Tue Jul  7 21:04:06 CST 2026 balance=64.9289
[sf_watchdog] Tue Jul  7 21:06:06 CST 2026 balance=64.9289
[sf_watchdog] Tue Jul  7 21:08:06 CST 2026 balance=64.9289
[sf_watchdog] Tue Jul  7 21:10:07 CST 2026 balance=64.9289
[sf_watchdog] Tue Jul  7 21:12:07 CST 2026 balance=64.9289
[sf_watchdog] Tue Jul  7 21:14:07 CST 2026 balance=64.9289
[sf_watchdog] Tue Jul  7 21:16:07 CST 2026 balance=64.9289
[sf_watchdog] Tue Jul  7 21:18:07 CST 2026 balance=64.9289
[sf_watchdog] Tue Jul  7 21:20:08 CST 2026 balance=64.9289
[sf_watchdog] Tue Jul  7 21:22:08 CST 2026 balance=64.9289
[sf_watchdog] Tue Jul  7 21:24:08 CST 2026 balance=64.9289
[sf_watchdog] Tue Jul  7 21:26:08 CST 2026 balance=64.9289
[sf_watchdog] Tue Jul  7 21:28:09 CST 2026 balance=64.9289
[sf_watchdog] Tue Jul  7 21:30:09 CST 2026 balance=64.9289
[sf_watchdog] Tue Jul  7 21:32:09 CST 2026 balance=64.9289
[sf_watchdog] Tue Jul  7 21:34:09 CST 2026 balance=64.9289
[sf_watchdog] Tue Jul  7 21:36:10 CST 2026 balance=64.9289
[sf_watchdog] Tue Jul  7 21:38:10 CST 2026 balance=64.9289
[sf_watchdog] Tue Jul  7 21:40:10 CST 2026 balance=64.9289
[sf_watchdog] Tue Jul  7 21:42:10 CST 2026 balance=64.9289
[sf_watchdog] Tue Jul  7 21:44:10 CST 2026 balance=64.9289
[sf_watchdog] Tue Jul  7 21:46:11 CST 2026 balance=64.9289
[sf_watchdog] Tue Jul  7 21:48:11 CST 2026 balance=64.9289
[sf_watchdog] Tue Jul  7 21:50:11 CST 2026 balance=64.9289
[sf_watchdog] Tue Jul  7 21:52:11 CST 2026 balance=64.9289
[sf_watchdog] Tue Jul  7 21:54:12 CST 2026 balance=64.9289
[sf_watchdog] Tue Jul  7 21:56:12 CST 2026 balance=64.9289
[sf_watchdog] Tue Jul  7 21:58:12 CST 2026 balance=64.9289
[sf_watchdog] Tue Jul  7 22:00:12 CST 2026 balance=64.9289
[sf_watchdog] Tue Jul  7 22:02:13 CST 2026 balance=64.9289
[sf_watchdog] Tue Jul  7 22:04:13 CST 2026 balance=64.9289
[sf_watchdog] Tue Jul  7 22:06:13 CST 2026 balance=64.9289
[sf_watchdog] Tue Jul  7 22:08:13 CST 2026 balance=64.9289
[sf_watchdog] Tue Jul  7 22:10:13 CST 2026 balance=64.9289
[sf_watchdog] Tue Jul  7 22:12:14 CST 2026 balance=64.9289
[sf_watchdog] Tue Jul  7 22:14:14 CST 2026 balance=64.9289
[sf_watchdog] Tue Jul  7 22:16:14 CST 2026 balance=64.9289
[sf_watchdog] Tue Jul  7 22:18:14 CST 2026 balance=64.9289
[sf_watchdog] Tue Jul  7 22:20:15 CST 2026 balance=64.9289
[sf_watchdog] Tue Jul  7 22:22:15 CST 2026 balance=64.9289
[sf_watchdog] Tue Jul  7 22:24:15 CST 2026 balance=64.9289
[sf_watchdog] Tue Jul  7 22:26:15 CST 2026 balance=64.9289
[sf_watchdog] Tue Jul  7 22:28:16 CST 2026 balance=64.9289
[sf_watchdog] Tue Jul  7 22:30:16 CST 2026 balance=64.9289
[sf_watchdog] Tue Jul  7 22:32:16 CST 2026 balance=64.9289
[sf_watchdog] Tue Jul  7 22:34:16 CST 2026 balance=64.9289
[sf_watchdog] Tue Jul  7 22:36:17 CST 2026 balance=64.9289
[sf_watchdog] Tue Jul  7 22:38:17 CST 2026 balance=64.9289
[sf_watchdog] Tue Jul  7 22:40:17 CST 2026 balance=64.9289
[sf_watchdog] Tue Jul  7 22:42:17 CST 2026 balance=64.9289
[sf_watchdog] Tue Jul  7 22:44:17 CST 2026 balance=64.9289
[sf_watchdog] Tue Jul  7 22:46:18 CST 2026 balance=64.9289
[sf_watchdog] Tue Jul  7 22:48:18 CST 2026 balance=64.9289
[sf_watchdog] Tue Jul  7 22:50:18 CST 2026 balance=64.9289
[sf_watchdog] Tue Jul  7 22:52:18 CST 2026 balance=64.9289
[sf_watchdog] Tue Jul  7 22:54:19 CST 2026 balance=64.9289
[sf_watchdog] Tue Jul  7 22:56:19 CST 2026 balance=64.9289
[sf_watchdog] Tue Jul  7 22:58:19 CST 2026 balance=64.9289
[sf_watchdog] Tue Jul  7 23:00:19 CST 2026 balance=64.9289
[sf_watchdog] Tue Jul  7 23:02:19 CST 2026 balance=64.9289
[sf_watchdog] Tue Jul  7 23:04:20 CST 2026 balance=64.9289
[sf_watchdog] Tue Jul  7 23:06:20 CST 2026 balance=64.9289
[sf_watchdog] Tue Jul  7 23:08:20 CST 2026 balance=64.9289
[sf_watchdog] Tue Jul  7 23:10:20 CST 2026 balance=64.9289
[sf_watchdog] Tue Jul  7 23:12:20 CST 2026 balance=64.9289
[sf_watchdog] Tue Jul  7 23:14:21 CST 2026 balance=64.9289
[sf_watchdog] Tue Jul  7 23:16:21 CST 2026 balance=64.9289
[sf_watchdog] Tue Jul  7 23:18:21 CST 2026 balance=64.9289
[sf_watchdog] Tue Jul  7 23:20:21 CST 2026 balance=64.9289
[sf_watchdog] Tue Jul  7 23:22:22 CST 2026 balance=64.9289
[sf_watchdog] Tue Jul  7 23:24:22 CST 2026 balance=64.9289
[sf_watchdog] Tue Jul  7 23:26:22 CST 2026 balance=64.9289
[sf_watchdog] Tue Jul  7 23:28:22 CST 2026 balance=64.9289
[sf_watchdog] Tue Jul  7 23:30:22 CST 2026 balance=64.9289
[sf_watchdog] Tue Jul  7 23:32:23 CST 2026 balance=64.9289
[sf_watchdog] Tue Jul  7 23:34:23 CST 2026 balance=64.9289
[sf_watchdog] Tue Jul  7 23:36:23 CST 2026 balance=64.9289
[sf_watchdog] Tue Jul  7 23:38:23 CST 2026 balance=64.9289
[sf_watchdog] Tue Jul  7 23:40:24 CST 2026 balance=64.9289
[sf_watchdog] Tue Jul  7 23:42:24 CST 2026 balance=64.9289
[sf_watchdog] Tue Jul  7 23:44:24 CST 2026 balance=64.9289
[sf_watchdog] Tue Jul  7 23:46:24 CST 2026 balance=64.9289
[sf_watchdog] Tue Jul  7 23:48:25 CST 2026 balance=64.9289
[sf_watchdog] Tue Jul  7 23:50:25 CST 2026 balance=64.9289
[sf_watchdog] Tue Jul  7 23:52:25 CST 2026 balance=64.9289
[sf_watchdog] Tue Jul  7 23:54:25 CST 2026 balance=64.9289
[sf_watchdog] Tue Jul  7 23:56:26 CST 2026 balance=64.9289
[sf_watchdog] Tue Jul  7 23:58:26 CST 2026 balance=64.9289
[sf_watchdog] Wed Jul  8 00:00:26 CST 2026 balance=64.9289
[sf_watchdog] Wed Jul  8 00:02:26 CST 2026 balance=64.9289
[sf_watchdog] Wed Jul  8 00:04:26 CST 2026 balance=64.9289
[sf_watchdog] Wed Jul  8 00:06:27 CST 2026 balance=64.9289
[sf_watchdog] Wed Jul  8 00:08:27 CST 2026 balance=64.9289
[sf_watchdog] Wed Jul  8 00:10:27 CST 2026 balance=64.9289
[sf_watchdog] Wed Jul  8 00:12:27 CST 2026 balance=64.9289
[sf_watchdog] Wed Jul  8 00:14:28 CST 2026 balance=64.9289
