
===== LAUNCH Thu Jul  2 19:02:49 2026 =====
shard 0/3: assigned=10 done=0 pending=10 extra_args=['--video-query-retrieval', 'false']
[s0 batch 0-4] dl 4/4 (636MB) 91s -> eval
VideoManager is deprecated and will be removed.
INPUT_CHECK video:movie101_78:mlvu65 video_media=2 image_media=3 frames=623 global_full=1 global_samples=607 visual_count_video=0 tubelets=1 details=2 visual_count=0 ocr=0 motion=8 objects=0 transcript_segments=48 warnings=none
video:movie101_78:mlvu65 [video]: completed pred=D gt=D correct=True error=
VideoManager is deprecated and will be removed.
INPUT_CHECK video:surveil_85:mlvu32 video_media=2 image_media=1 frames=618 global_full=1 global_samples=602 visual_count_video=0 tubelets=1 details=0 visual_count=0 ocr=0 motion=8 objects=0 transcript_segments=48 warnings=none
video:surveil_85:mlvu32 [video]: completed pred=A gt=A correct=True error=
VideoManager is deprecated and will be removed.
INPUT_CHECK video:needle_147:mlvu74 video_media=2 image_media=17 frames=653 global_full=1 global_samples=622 visual_count_video=0 tubelets=2 details=4 visual_count=0 ocr=0 motion=8 objects=8 transcript_segments=48 warnings=none
video:needle_147:mlvu74 [video]: completed pred=A gt=A correct=True error=
VideoManager is deprecated and will be removed.
INPUT_CHECK video:movie101_106:mlvu17 video_media=2 image_media=1 frames=762 global_full=1 global_samples=746 visual_count_video=0 tubelets=1 details=0 visual_count=0 ocr=0 motion=8 objects=0 transcript_segments=48 warnings=none
video:movie101_106:mlvu17 [video]: completed pred=D gt=D correct=True error=
Results JSONL: /root/autodl-tmp/MTEC/outputs/ablation_20260701/runs/E_no_query_retrieval/mlvu/s0/modelscope_mtec_anchor_api_full_results.jsonl
Results JSON: /root/autodl-tmp/MTEC/outputs/ablation_20260701/runs/E_no_query_retrieval/mlvu/s0/modelscope_mtec_anchor_api_full_results.json
Summary JSON: /root/autodl-tmp/MTEC/outputs/ablation_20260701/runs/E_no_query_retrieval/mlvu/s0/modelscope_mtec_anchor_api_full_summary.json
[s0 batch done] rc=0 cumulative_completed=4 elapsed=989s
[s0 batch 4-8] dl 4/4 (546MB) 56s -> eval
VideoManager is deprecated and will be removed.
INPUT_CHECK video:order_11:mlvu171 video_media=2 image_media=2 frames=740 global_full=1 global_samples=708 visual_count_video=0 tubelets=2 details=0 visual_count=0 ocr=0 motion=8 objects=0 transcript_segments=48 warnings=none
video:order_11:mlvu171 [video]: completed pred=A gt=A correct=True error=
VideoManager is deprecated and will be removed.
INPUT_CHECK video:movie101_62:mlvu53 video_media=2 image_media=3 frames=617 global_full=1 global_samples=601 visual_count_video=0 tubelets=1 details=2 visual_count=0 ocr=0 motion=8 objects=0 transcript_segments=48 warnings=none
video:movie101_62:mlvu53 [video]: completed pred=A gt=A correct=True error=
VideoManager is deprecated and will be removed.
INPUT_CHECK video:surveil_28:mlvu88 video_media=2 image_media=1 frames=932 global_full=1 global_samples=916 visual_count_video=0 tubelets=1 details=0 visual_count=0 ocr=0 motion=8 objects=0 transcript_segments=31 warnings=none
video:surveil_28:mlvu88 [video]: completed pred=A gt=A correct=True error=
VideoManager is deprecated and will be removed.
INPUT_CHECK video:needle_99:mlvu90 video_media=2 image_media=2 frames=899 global_full=1 global_samples=867 visual_count_video=0 tubelets=2 details=0 visual_count=0 ocr=0 motion=8 objects=0 transcript_segments=48 warnings=none
video:needle_99:mlvu90 [video]: completed pred=D gt=D correct=True error=
Results JSONL: /root/autodl-tmp/MTEC/outputs/ablation_20260701/runs/E_no_query_retrieval/mlvu/s0/modelscope_mtec_anchor_api_full_results.jsonl
Results JSON: /root/autodl-tmp/MTEC/outputs/ablation_20260701/runs/E_no_query_retrieval/mlvu/s0/modelscope_mtec_anchor_api_full_results.json
Summary JSON: /root/autodl-tmp/MTEC/outputs/ablation_20260701/runs/E_no_query_retrieval/mlvu/s0/modelscope_mtec_anchor_api_full_summary.json
[s0 batch done] rc=0 cumulative_completed=8 elapsed=753s
[s0 batch 8-10] dl 2/2 (276MB) 26s -> eval
VideoManager is deprecated and will be removed.
INPUT_CHECK video:movie101_30:mlvu28 video_media=2 image_media=2 frames=758 global_full=1 global_samples=726 visual_count_video=0 tubelets=2 details=0 visual_count=0 ocr=0 motion=8 objects=0 transcript_segments=48 warnings=none
video:movie101_30:mlvu28 [video]: completed pred=C gt=C correct=True error=
VideoManager is deprecated and will be removed.
/root/miniconda3/envs/venv/lib/python3.9/site-packages/paddle/utils/cpp_extension/extension_utils.py:712: UserWarning: No ccache found. Please be aware that recompiling all source files may be required. You can download and install ccache from: https://github.com/ccache/ccache/blob/master/doc/INSTALL.md
  warnings.warn(warning_message)
[32mCreating model: ('PP-OCRv6_medium_det', None, None)[0m
[32mModel files already exist. Using cached files. To redownload, please delete the directory manually: `/root/.paddlex/official_models/PP-OCRv6_medium_det`.[0m
[32mCreating model: ('PP-OCRv6_medium_rec', None, None)[0m
[32mModel files already exist. Using cached files. To redownload, please delete the directory manually: `/root/.paddlex/official_models/PP-OCRv6_medium_rec`.[0m
INPUT_CHECK video:order_139:mlvu109 video_media=2 image_media=26 frames=726 global_full=1 global_samples=695 visual_count_video=0 tubelets=2 details=4 visual_count=0 ocr=8 motion=8 objects=9 transcript_segments=48 warnings=missing_visual_count_executor_anchor
video:order_139:mlvu109 [video]: completed pred=D gt=D correct=True error=
Results JSONL: /root/autodl-tmp/MTEC/outputs/ablation_20260701/runs/E_no_query_retrieval/mlvu/s0/modelscope_mtec_anchor_api_full_results.jsonl
Results JSON: /root/autodl-tmp/MTEC/outputs/ablation_20260701/runs/E_no_query_retrieval/mlvu/s0/modelscope_mtec_anchor_api_full_results.json
Summary JSON: /root/autodl-tmp/MTEC/outputs/ablation_20260701/runs/E_no_query_retrieval/mlvu/s0/modelscope_mtec_anchor_api_full_summary.json
[s0 batch done] rc=0 cumulative_completed=10 elapsed=826s
SHARD_0_DONE
