
===== LAUNCH Wed Jul  1 15:36:58 2026 =====
shard 1/3: assigned=10 done=0 pending=10 extra_args=['--evidence-pass', 'false']
[s1 batch 0-4] dl 4/4 (637MB) 56s -> eval
Traceback (most recent call last):
  File "/root/autodl-tmp/MTEC/scripts/run_ablation_mlvu.py", line 135, in <module>
    main()
  File "/root/autodl-tmp/MTEC/scripts/run_ablation_mlvu.py", line 123, in main
    rc = run_batch(batch, out_dir, vid_dir, args.extra_args)
  File "/root/autodl-tmp/MTEC/scripts/run_ablation_mlvu.py", line 63, in run_batch
    return subprocess.call(cmd, cwd=ROOT)
  File "/root/miniconda3/envs/venv/lib/python3.9/subprocess.py", line 349, in call
    with Popen(*popenargs, **kwargs) as p:
  File "/root/miniconda3/envs/venv/lib/python3.9/subprocess.py", line 951, in __init__
    self._execute_child(args, executable, preexec_fn, close_fds,
  File "/root/miniconda3/envs/venv/lib/python3.9/subprocess.py", line 1837, in _execute_child
    raise child_exception_type(errno_num, err_msg, err_filename)
FileNotFoundError: [Errno 2] No such file or directory: 'python'

===== LAUNCH Wed Jul  1 16:34:06 2026 =====
shard 1/3: assigned=10 done=0 pending=10 extra_args=['--evidence-pass', 'false']
[s1 batch 0-4] dl 4/4 (637MB) 138s -> eval
VideoManager is deprecated and will be removed.
INPUT_CHECK video:needle_118:mlvu35 video_media=2 image_media=4 frames=844 global_full=1 global_samples=812 visual_count_video=0 tubelets=4 details=0 visual_count=0 ocr=0 motion=8 objects=0 transcript_segments=48 warnings=none
video:needle_118:mlvu35 [video]: completed pred=C gt=C correct=True error=
VideoManager is deprecated and will be removed.
INPUT_CHECK video:movie101_8:mlvu38 video_media=2 image_media=3 frames=766 global_full=1 global_samples=750 visual_count_video=0 tubelets=3 details=0 visual_count=0 ocr=0 motion=8 objects=0 transcript_segments=48 warnings=none
video:movie101_8:mlvu38 [video]: completed pred=B gt=B correct=True error=
VideoManager is deprecated and will be removed.
INPUT_CHECK video:order_73:mlvu87 video_media=2 image_media=23 frames=746 global_full=1 global_samples=714 visual_count_video=0 tubelets=4 details=7 visual_count=0 ocr=0 motion=8 objects=5 transcript_segments=48 warnings=none
video:order_73:mlvu87 [video]: completed pred=D gt=D correct=True error=
VideoManager is deprecated and will be removed.
INPUT_CHECK video:movie101_26:mlvu57 video_media=2 image_media=9 frames=779 global_full=1 global_samples=763 visual_count_video=0 tubelets=3 details=6 visual_count=0 ocr=0 motion=8 objects=0 transcript_segments=48 warnings=none
video:movie101_26:mlvu57 [video]: completed pred=B gt=B correct=True error=
Results JSONL: /root/autodl-tmp/MTEC/outputs/ablation_20260701/runs/B_no_evidence/mlvu/s1/modelscope_mtec_anchor_api_full_results.jsonl
Results JSON: /root/autodl-tmp/MTEC/outputs/ablation_20260701/runs/B_no_evidence/mlvu/s1/modelscope_mtec_anchor_api_full_results.json
Summary JSON: /root/autodl-tmp/MTEC/outputs/ablation_20260701/runs/B_no_evidence/mlvu/s1/modelscope_mtec_anchor_api_full_summary.json
[s1 batch done] rc=0 cumulative_completed=4 elapsed=893s
[s1 batch 4-8] dl 4/4 (622MB) 352s -> eval
VideoManager is deprecated and will be removed.
INPUT_CHECK video:surveil_124:mlvu16 video_media=2 image_media=3 frames=1071 global_full=1 global_samples=1055 visual_count_video=0 tubelets=3 details=0 visual_count=0 ocr=0 motion=8 objects=0 transcript_segments=36 warnings=none
video:surveil_124:mlvu16 [video]: completed pred=A gt=D correct=False error=
VideoManager is deprecated and will be removed.
INPUT_CHECK video:needle_17:mlvu62 video_media=2 image_media=10 frames=884 global_full=1 global_samples=868 visual_count_video=0 tubelets=3 details=6 visual_count=0 ocr=0 motion=8 objects=1 transcript_segments=48 warnings=none
video:needle_17:mlvu62 [video]: completed pred=B gt=B correct=True error=
VideoManager is deprecated and will be removed.
INPUT_CHECK video:movie101_10:mlvu23 video_media=2 image_media=21 frames=732 global_full=1 global_samples=716 visual_count_video=0 tubelets=3 details=6 visual_count=0 ocr=0 motion=8 objects=7 transcript_segments=48 warnings=none
video:movie101_10:mlvu23 [video]: completed pred=B gt=B correct=True error=
VideoManager is deprecated and will be removed.
/root/miniconda3/envs/venv/lib/python3.9/site-packages/paddle/utils/cpp_extension/extension_utils.py:712: UserWarning: No ccache found. Please be aware that recompiling all source files may be required. You can download and install ccache from: https://github.com/ccache/ccache/blob/master/doc/INSTALL.md
  warnings.warn(warning_message)
[32mCreating model: ('PP-OCRv6_medium_det', None, None)[0m
[32mModel files already exist. Using cached files. To redownload, please delete the directory manually: `/root/.paddlex/official_models/PP-OCRv6_medium_det`.[0m
[32mCreating model: ('PP-OCRv6_medium_rec', None, None)[0m
[32mModel files already exist. Using cached files. To redownload, please delete the directory manually: `/root/.paddlex/official_models/PP-OCRv6_medium_rec`.[0m
INPUT_CHECK video:order_18:mlvu145 video_media=2 image_media=19 frames=711 global_full=1 global_samples=679 visual_count_video=0 tubelets=4 details=7 visual_count=0 ocr=8 motion=8 objects=0 transcript_segments=48 warnings=none
video:order_18:mlvu145 [video]: completed pred=C gt=C correct=True error=
Results JSONL: /root/autodl-tmp/MTEC/outputs/ablation_20260701/runs/B_no_evidence/mlvu/s1/modelscope_mtec_anchor_api_full_results.jsonl
Results JSON: /root/autodl-tmp/MTEC/outputs/ablation_20260701/runs/B_no_evidence/mlvu/s1/modelscope_mtec_anchor_api_full_results.json
Summary JSON: /root/autodl-tmp/MTEC/outputs/ablation_20260701/runs/B_no_evidence/mlvu/s1/modelscope_mtec_anchor_api_full_summary.json
[s1 batch done] rc=0 cumulative_completed=8 elapsed=1002s
[s1 batch 8-10] dl 2/2 (290MB) 26s -> eval
VideoManager is deprecated and will be removed.
INPUT_CHECK video:movie101_58:mlvu73 video_media=2 image_media=11 frames=637 global_full=1 global_samples=605 visual_count_video=0 tubelets=4 details=7 visual_count=0 ocr=0 motion=8 objects=0 transcript_segments=48 warnings=none
video:movie101_58:mlvu73 [video]: completed pred=C gt=C correct=True error=
VideoManager is deprecated and will be removed.
INPUT_CHECK video:surveil_171:mlvu100 video_media=2 image_media=3 frames=618 global_full=1 global_samples=602 visual_count_video=0 tubelets=3 details=0 visual_count=0 ocr=0 motion=8 objects=0 transcript_segments=21 warnings=none
video:surveil_171:mlvu100 [video]: completed pred=D gt=D correct=True error=
Results JSONL: /root/autodl-tmp/MTEC/outputs/ablation_20260701/runs/B_no_evidence/mlvu/s1/modelscope_mtec_anchor_api_full_results.jsonl
Results JSON: /root/autodl-tmp/MTEC/outputs/ablation_20260701/runs/B_no_evidence/mlvu/s1/modelscope_mtec_anchor_api_full_results.json
Summary JSON: /root/autodl-tmp/MTEC/outputs/ablation_20260701/runs/B_no_evidence/mlvu/s1/modelscope_mtec_anchor_api_full_summary.json
[s1 batch done] rc=0 cumulative_completed=10 elapsed=372s
SHARD_1_DONE
