
===== LAUNCH Wed Jul  1 15:38:13 2026 =====
shard 2/3: assigned=10 done=0 pending=10 extra_args=['--evidence-pass', 'false']
[s2 batch 0-4] dl 4/4 (428MB) 42s -> eval
Traceback (most recent call last):
  File "/root/autodl-tmp/MTEC/scripts/run_ablation_mlvu.py", line 135, in <module>
    main()
  File "/root/autodl-tmp/MTEC/scripts/run_ablation_mlvu.py", line 123, in main
    rc = run_batch(batch, out_dir, vid_dir, args.extra_args)
  File "/root/autodl-tmp/MTEC/scripts/run_ablation_mlvu.py", line 63, in run_batch
    return subprocess.call(cmd, cwd=ROOT)
  File "/root/miniconda3/envs/venv/lib/python3.9/subprocess.py", line 349, in call
    with Popen(*popenargs, **kwargs) as p:
  File "/root/miniconda3/envs/venv/lib/python3.9/subprocess.py", line 951, in __init__
    self._execute_child(args, executable, preexec_fn, close_fds,
  File "/root/miniconda3/envs/venv/lib/python3.9/subprocess.py", line 1837, in _execute_child
    raise child_exception_type(errno_num, err_msg, err_filename)
FileNotFoundError: [Errno 2] No such file or directory: 'python'

===== LAUNCH Wed Jul  1 16:40:06 2026 =====
shard 2/3: assigned=10 done=0 pending=10 extra_args=['--evidence-pass', 'false']
[s2 batch 0-4] dl 4/4 (428MB) 329s -> eval
VideoManager is deprecated and will be removed.
INPUT_CHECK video:order_58:mlvu46 video_media=2 image_media=11 frames=705 global_full=1 global_samples=673 visual_count_video=0 tubelets=4 details=7 visual_count=0 ocr=0 motion=8 objects=0 transcript_segments=48 warnings=none
video:order_58:mlvu46 [video]: completed pred=C gt=C correct=True error=
VideoManager is deprecated and will be removed.
INPUT_CHECK video:movie101_86:mlvu97 video_media=2 image_media=21 frames=627 global_full=1 global_samples=611 visual_count_video=0 tubelets=3 details=6 visual_count=0 ocr=0 motion=8 objects=7 transcript_segments=47 warnings=none
video:movie101_86:mlvu97 [video]: completed pred=D gt=D correct=True error=
VideoManager is deprecated and will be removed.
INPUT_CHECK video:surveil_15:mlvu56 video_media=2 image_media=3 frames=744 global_full=1 global_samples=728 visual_count_video=0 tubelets=3 details=0 visual_count=0 ocr=0 motion=8 objects=0 transcript_segments=28 warnings=none
video:surveil_15:mlvu56 [video]: completed pred=A gt=B correct=False error=
VideoManager is deprecated and will be removed.
INPUT_CHECK video:needle_22:mlvu45 video_media=2 image_media=4 frames=917 global_full=1 global_samples=885 visual_count_video=0 tubelets=4 details=0 visual_count=0 ocr=0 motion=8 objects=0 transcript_segments=48 warnings=none
video:needle_22:mlvu45 [video]: completed pred=D gt=D correct=True error=
Results JSONL: /root/autodl-tmp/MTEC/outputs/ablation_20260701/runs/B_no_evidence/mlvu/s2/modelscope_mtec_anchor_api_full_results.jsonl
Results JSON: /root/autodl-tmp/MTEC/outputs/ablation_20260701/runs/B_no_evidence/mlvu/s2/modelscope_mtec_anchor_api_full_results.json
Summary JSON: /root/autodl-tmp/MTEC/outputs/ablation_20260701/runs/B_no_evidence/mlvu/s2/modelscope_mtec_anchor_api_full_summary.json
[s2 batch done] rc=0 cumulative_completed=4 elapsed=902s
[s2 batch 4-8] dl 4/4 (640MB) 809s -> eval
VideoManager is deprecated and will be removed.
INPUT_CHECK video:movie101_89:mlvu11 video_media=2 image_media=23 frames=709 global_full=1 global_samples=677 visual_count_video=0 tubelets=4 details=7 visual_count=0 ocr=0 motion=8 objects=8 transcript_segments=48 warnings=none
video:movie101_89:mlvu11 [video]: completed pred=D gt=D correct=True error=
VideoManager is deprecated and will be removed.
/root/miniconda3/envs/venv/lib/python3.9/site-packages/paddle/utils/cpp_extension/extension_utils.py:712: UserWarning: No ccache found. Please be aware that recompiling all source files may be required. You can download and install ccache from: https://github.com/ccache/ccache/blob/master/doc/INSTALL.md
  warnings.warn(warning_message)
[32mCreating model: ('PP-OCRv6_medium_det', None, None)[0m
[32mModel files already exist. Using cached files. To redownload, please delete the directory manually: `/root/.paddlex/official_models/PP-OCRv6_medium_det`.[0m
[32mCreating model: ('PP-OCRv6_medium_rec', None, None)[0m
[32mModel files already exist. Using cached files. To redownload, please delete the directory manually: `/root/.paddlex/official_models/PP-OCRv6_medium_rec`.[0m
INPUT_CHECK video:order_23:mlvu142 video_media=2 image_media=20 frames=699 global_full=1 global_samples=667 visual_count_video=0 tubelets=4 details=8 visual_count=0 ocr=8 motion=8 objects=0 transcript_segments=48 warnings=none
video:order_23:mlvu142 [video]: completed pred=C gt=C correct=True error=
VideoManager is deprecated and will be removed.
INPUT_CHECK video:movie101_65:mlvu61 video_media=2 image_media=11 frames=643 global_full=1 global_samples=611 visual_count_video=0 tubelets=4 details=7 visual_count=0 ocr=0 motion=8 objects=0 transcript_segments=38 warnings=none
video:movie101_65:mlvu61 [video]: completed pred=A gt=C correct=False error=
VideoManager is deprecated and will be removed.
INPUT_CHECK video:surveil_115:mlvu22 video_media=2 image_media=3 frames=823 global_full=1 global_samples=807 visual_count_video=0 tubelets=3 details=0 visual_count=0 ocr=0 motion=8 objects=0 transcript_segments=24 warnings=none
video:surveil_115:mlvu22 [video]: completed pred=A gt=A correct=True error=
Results JSONL: /root/autodl-tmp/MTEC/outputs/ablation_20260701/runs/B_no_evidence/mlvu/s2/modelscope_mtec_anchor_api_full_results.jsonl
Results JSON: /root/autodl-tmp/MTEC/outputs/ablation_20260701/runs/B_no_evidence/mlvu/s2/modelscope_mtec_anchor_api_full_results.json
Summary JSON: /root/autodl-tmp/MTEC/outputs/ablation_20260701/runs/B_no_evidence/mlvu/s2/modelscope_mtec_anchor_api_full_summary.json
[s2 batch done] rc=0 cumulative_completed=8 elapsed=1461s
[s2 batch 8-10] dl 2/2 (345MB) 29s -> eval
VideoManager is deprecated and will be removed.
INPUT_CHECK video:needle_21:mlvu82 video_media=2 image_media=18 frames=927 global_full=1 global_samples=847 visual_count_video=0 tubelets=4 details=12 visual_count=0 ocr=0 motion=8 objects=2 transcript_segments=24 warnings=missing_visual_count_executor_anchor
video:needle_21:mlvu82 [video]: completed pred=D gt=A correct=False error=
VideoManager is deprecated and will be removed.
INPUT_CHECK video:movie101_16:mlvu33 video_media=2 image_media=21 frames=756 global_full=1 global_samples=740 visual_count_video=0 tubelets=3 details=6 visual_count=0 ocr=0 motion=8 objects=10 transcript_segments=48 warnings=none
video:movie101_16:mlvu33 [video]: completed pred=B gt=D correct=False error=
Results JSONL: /root/autodl-tmp/MTEC/outputs/ablation_20260701/runs/B_no_evidence/mlvu/s2/modelscope_mtec_anchor_api_full_results.jsonl
Results JSON: /root/autodl-tmp/MTEC/outputs/ablation_20260701/runs/B_no_evidence/mlvu/s2/modelscope_mtec_anchor_api_full_results.json
Summary JSON: /root/autodl-tmp/MTEC/outputs/ablation_20260701/runs/B_no_evidence/mlvu/s2/modelscope_mtec_anchor_api_full_summary.json
[s2 batch done] rc=0 cumulative_completed=10 elapsed=506s
SHARD_2_DONE
