
===== LAUNCH Mon Jul  6 18:28:45 2026 =====
VideoManager is deprecated and will be removed.
INPUT_CHECK video:1q-5IIyZL20:197-2 video_media=2 image_media=21 frames=126 global_full=1 global_samples=110 visual_count_video=0 tubelets=3 details=6 visual_count=0 ocr=0 motion=8 objects=8 transcript_segments=43 warnings=none
video:1q-5IIyZL20:197-2 [video]: completed pred=D gt=D correct=True error=
VideoManager is deprecated and will be removed.
INPUT_CHECK video:5fPtlxR3s3c:149-2 video_media=2 image_media=21 frames=121 global_full=1 global_samples=105 visual_count_video=0 tubelets=3 details=6 visual_count=0 ocr=0 motion=8 objects=1 transcript_segments=31 warnings=missing_visual_count_executor_anchor
video:5fPtlxR3s3c:149-2 [video]: completed pred=B gt=B correct=True error=
VideoManager is deprecated and will be removed.
INPUT_CHECK video:8e05W-wi38g:264-1 video_media=2 image_media=13 frames=76 global_full=1 global_samples=60 visual_count_video=0 tubelets=3 details=6 visual_count=0 ocr=0 motion=8 objects=4 transcript_segments=3 warnings=missing_visual_count_executor_anchor
video:8e05W-wi38g:264-1 [video]: completed pred=D gt=D correct=True error=
VideoManager is deprecated and will be removed.
INPUT_CHECK video:026dzf-vc5g:212-2 video_media=2 image_media=11 frames=94 global_full=1 global_samples=64 visual_count_video=0 tubelets=4 details=7 visual_count=0 ocr=0 motion=8 objects=0 transcript_segments=7 warnings=none
video:026dzf-vc5g:212-2 [video]: completed pred=D gt=D correct=True error=
VideoManager is deprecated and will be removed.
INPUT_CHECK video:zBnKgwnn7i4:057-2 video_media=2 image_media=11 frames=139 global_full=1 global_samples=108 visual_count_video=0 tubelets=4 details=7 visual_count=0 ocr=0 motion=8 objects=0 transcript_segments=38 warnings=none
video:zBnKgwnn7i4:057-2 [video]: completed pred=A gt=A correct=True error=
VideoManager is deprecated and will be removed.
INPUT_CHECK video:08km9Yqbt-A:050-1 video_media=2 image_media=11 frames=133 global_full=1 global_samples=102 visual_count_video=0 tubelets=4 details=7 visual_count=0 ocr=0 motion=8 objects=0 transcript_segments=37 warnings=none
video:08km9Yqbt-A:050-1 [video]: completed pred=A gt=A correct=True error=
VideoManager is deprecated and will be removed.
/root/miniconda3/envs/venv/lib/python3.9/site-packages/paddle/utils/cpp_extension/extension_utils.py:712: UserWarning: No ccache found. Please be aware that recompiling all source files may be required. You can download and install ccache from: https://github.com/ccache/ccache/blob/master/doc/INSTALL.md
  warnings.warn(warning_message)
[32mCreating model: ('PP-OCRv6_medium_det', None, None)[0m
[32mModel files already exist. Using cached files. To redownload, please delete the directory manually: `/root/.paddlex/official_models/PP-OCRv6_medium_det`.[0m
[32mCreating model: ('PP-OCRv6_medium_rec', None, None)[0m
[32mModel files already exist. Using cached files. To redownload, please delete the directory manually: `/root/.paddlex/official_models/PP-OCRv6_medium_rec`.[0m
INPUT_CHECK video:7iXM5aq53Ts:073-3 video_media=2 image_media=19 frames=129 global_full=1 global_samples=99 visual_count_video=0 tubelets=4 details=7 visual_count=0 ocr=8 motion=8 objects=0 transcript_segments=45 warnings=none
video:7iXM5aq53Ts:073-3 [video]: completed pred=C gt=C correct=True error=
VideoManager is deprecated and will be removed.
INPUT_CHECK video:5wLv3pCqZ9o:013-3 video_media=2 image_media=17 frames=103 global_full=1 global_samples=73 visual_count_video=0 tubelets=4 details=7 visual_count=0 ocr=0 motion=8 objects=6 transcript_segments=2 warnings=none
video:5wLv3pCqZ9o:013-3 [video]: completed pred=A gt=A correct=True error=
VideoManager is deprecated and will be removed.
INPUT_CHECK video:ZO12ZY38FEw:245-3 video_media=2 image_media=23 frames=123 global_full=1 global_samples=91 visual_count_video=0 tubelets=4 details=7 visual_count=0 ocr=0 motion=8 objects=9 transcript_segments=14 warnings=missing_visual_count_executor_anchor
video:ZO12ZY38FEw:245-3 [video]: completed pred=C gt=C correct=True error=
VideoManager is deprecated and will be removed.
INPUT_CHECK video:zKyWRRJQbkM:033-3 video_media=2 image_media=12 frames=145 global_full=1 global_samples=114 visual_count_video=0 tubelets=4 details=8 visual_count=0 ocr=0 motion=8 objects=0 transcript_segments=48 warnings=none
video:zKyWRRJQbkM:033-3 [video]: completed pred=C gt=C correct=True error=
VideoManager is deprecated and will be removed.
INPUT_CHECK video:ZfNSxRiYfZQ:258-1 video_media=2 image_media=9 frames=121 global_full=1 global_samples=105 visual_count_video=0 tubelets=3 details=6 visual_count=0 ocr=0 motion=8 objects=0 transcript_segments=1 warnings=none
video:ZfNSxRiYfZQ:258-1 [video]: completed pred=C gt=C correct=True error=
VideoManager is deprecated and will be removed.
INPUT_CHECK video:zPx3EibuO_w:232-3 video_media=2 image_media=3 frames=64 global_full=1 global_samples=48 visual_count_video=0 tubelets=3 details=0 visual_count=0 ocr=0 motion=8 objects=0 transcript_segments=6 warnings=none
video:zPx3EibuO_w:232-3 [video]: completed pred=C gt=C correct=True error=
VideoManager is deprecated and will be removed.
INPUT_CHECK video:5fPtlxR3s3c:149-3 video_media=2 image_media=21 frames=121 global_full=1 global_samples=105 visual_count_video=0 tubelets=3 details=6 visual_count=0 ocr=0 motion=8 objects=1 transcript_segments=31 warnings=missing_visual_count_executor_anchor
video:5fPtlxR3s3c:149-3 [video]: completed pred=D gt=D correct=True error=
VideoManager is deprecated and will be removed.
INPUT_CHECK video:8e05W-wi38g:264-3 video_media=2 image_media=16 frames=88 global_full=1 global_samples=60 visual_count_video=0 tubelets=4 details=0 visual_count=0 ocr=0 motion=8 objects=7 transcript_segments=3 warnings=none
video:8e05W-wi38g:264-3 [video]: completed pred=B gt=C correct=False error=
VideoManager is deprecated and will be removed.
INPUT_CHECK video:026dzf-vc5g:212-1 video_media=2 image_media=15 frames=80 global_full=1 global_samples=64 visual_count_video=0 tubelets=3 details=0 visual_count=0 ocr=0 motion=8 objects=7 transcript_segments=7 warnings=none
video:026dzf-vc5g:212-1 [video]: completed pred=A gt=A correct=True error=
VideoManager is deprecated and will be removed.
INPUT_CHECK video:zBnKgwnn7i4:057-3 video_media=2 image_media=23 frames=139 global_full=1 global_samples=108 visual_count_video=0 tubelets=4 details=7 visual_count=0 ocr=0 motion=8 objects=5 transcript_segments=38 warnings=none
video:zBnKgwnn7i4:057-3 [video]: completed pred=C gt=A correct=False error=
VideoManager is deprecated and will be removed.
INPUT_CHECK video:0ag_Qi5OEd0:522-3 video_media=2 image_media=4 frames=521 global_full=1 global_samples=489 visual_count_video=0 tubelets=4 details=0 visual_count=0 ocr=0 motion=8 objects=0 transcript_segments=7 warnings=none
video:0ag_Qi5OEd0:522-3 [video]: completed pred=B gt=B correct=True error=
VideoManager is deprecated and will be removed.
INPUT_CHECK video:1NcGHbFWBFA:573-1 video_media=2 image_media=11 frames=574 global_full=1 global_samples=542 visual_count_video=0 tubelets=4 details=7 visual_count=0 ocr=0 motion=8 objects=0 transcript_segments=48 warnings=none
video:1NcGHbFWBFA:573-1 [video]: completed pred=D gt=D correct=True error=
VideoManager is deprecated and will be removed.
INPUT_CHECK video:zOgYnntFl-k:366-2 video_media=2 image_media=23 frames=506 global_full=1 global_samples=474 visual_count_video=0 tubelets=4 details=7 visual_count=0 ocr=0 motion=8 objects=8 transcript_segments=48 warnings=missing_visual_count_executor_anchor
video:zOgYnntFl-k:366-2 [video]: completed pred=A gt=A correct=True error=
VideoManager is deprecated and will be removed.
INPUT_CHECK video:8l1NyR6UvxU:307-3 video_media=2 image_media=11 frames=347 global_full=1 global_samples=315 visual_count_video=0 tubelets=4 details=7 visual_count=0 ocr=0 motion=8 objects=0 transcript_segments=48 warnings=none
video:8l1NyR6UvxU:307-3 [video]: completed pred=B gt=D correct=False error=
VideoManager is deprecated and will be removed.
INPUT_CHECK video:ZCFkWDdmXG8:336-3 video_media=2 image_media=27 frames=1085 global_full=1 global_samples=1053 visual_count_video=0 tubelets=4 details=8 visual_count=0 ocr=3 motion=8 objects=5 transcript_segments=48 warnings=none
video:ZCFkWDdmXG8:336-3 [video]: completed pred=A gt=A correct=True error=
VideoManager is deprecated and will be removed.
INPUT_CHECK video:6ksaVHtfBG8:458-2 video_media=2 image_media=32 frames=289 global_full=1 global_samples=257 visual_count_video=0 tubelets=4 details=8 visual_count=0 ocr=8 motion=8 objects=2 transcript_segments=48 warnings=none
video:6ksaVHtfBG8:458-2 [video]: completed pred=C gt=C correct=True error=
VideoManager is deprecated and will be removed.
INPUT_CHECK video:ZBKUqc_ICpg:534-1 video_media=2 image_media=9 frames=476 global_full=1 global_samples=460 visual_count_video=0 tubelets=3 details=6 visual_count=0 ocr=0 motion=8 objects=0 transcript_segments=48 warnings=none
video:ZBKUqc_ICpg:534-1 [video]: completed pred=D gt=D correct=True error=
VideoManager is deprecated and will be removed.
INPUT_CHECK video:0FM64MrRuZE:434-3 video_media=2 image_media=3 frames=785 global_full=1 global_samples=769 visual_count_video=0 tubelets=3 details=0 visual_count=0 ocr=0 motion=8 objects=0 transcript_segments=37 warnings=none
video:0FM64MrRuZE:434-3 [video]: completed pred=D gt=D correct=True error=
VideoManager is deprecated and will be removed.
INPUT_CHECK video:ZN6kyy2SXnk:400-1 video_media=2 image_media=21 frames=403 global_full=1 global_samples=387 visual_count_video=0 tubelets=3 details=6 visual_count=0 ocr=0 motion=8 objects=9 transcript_segments=48 warnings=none
video:ZN6kyy2SXnk:400-1 [video]: completed pred=D gt=B correct=False error=
VideoManager is deprecated and will be removed.
INPUT_CHECK video:ZQP-7BPvvq0:355-1 video_media=2 image_media=10 frames=522 global_full=1 global_samples=514 visual_count_video=0 tubelets=3 details=5 visual_count=0 ocr=0 motion=8 objects=2 transcript_segments=48 warnings=none
video:ZQP-7BPvvq0:355-1 [video]: completed pred=C gt=D correct=False error=
Results JSONL: /root/autodl-tmp/MTEC/outputs/ablation_20260701/runs/I_no_task_routing/vmme/s2/modelscope_mtec_anchor_api_full_results.jsonl
Results JSON: /root/autodl-tmp/MTEC/outputs/ablation_20260701/runs/I_no_task_routing/vmme/s2/modelscope_mtec_anchor_api_full_results.json
Summary JSON: /root/autodl-tmp/MTEC/outputs/ablation_20260701/runs/I_no_task_routing/vmme/s2/modelscope_mtec_anchor_api_full_summary.json
