
===== LAUNCH Thu Jul  2 00:57:32 2026 =====
shard 2/3: assigned=10 done=0 pending=10 extra_args=['--global-timeline-pass', 'false']
[s2 batch 0-4] dl 4/4 (543MB) 50s -> eval
VideoManager is deprecated and will be removed.
INPUT_CHECK video:order_117:mlvu148 video_media=2 image_media=23 frames=702 global_full=1 global_samples=670 visual_count_video=0 tubelets=4 details=7 visual_count=0 ocr=0 motion=8 objects=2 transcript_segments=8 warnings=none
video:order_117:mlvu148 [video]: completed pred=A gt=B correct=False error=
VideoManager is deprecated and will be removed.
INPUT_CHECK video:movie101_64:mlvu49 video_media=2 image_media=3 frames=642 global_full=1 global_samples=626 visual_count_video=0 tubelets=3 details=0 visual_count=0 ocr=0 motion=8 objects=0 transcript_segments=48 warnings=none
video:movie101_64:mlvu49 [video]: completed pred=D gt=D correct=True error=
VideoManager is deprecated and will be removed.
INPUT_CHECK video:surveil_0:mlvu72 video_media=2 image_media=3 frames=892 global_full=1 global_samples=876 visual_count_video=0 tubelets=3 details=0 visual_count=0 ocr=0 motion=8 objects=0 transcript_segments=21 warnings=none
video:surveil_0:mlvu72 [video]: completed pred=B gt=B correct=True error=
VideoManager is deprecated and will be removed.
INPUT_CHECK video:needle_104:mlvu86 video_media=2 image_media=28 frames=716 global_full=1 global_samples=636 visual_count_video=0 tubelets=4 details=12 visual_count=0 ocr=0 motion=8 objects=6 transcript_segments=48 warnings=missing_visual_count_executor_anchor
video:needle_104:mlvu86 [video]: completed pred=D gt=D correct=True error=
Results JSONL: /root/autodl-tmp/MTEC/outputs/ablation_20260701/runs/C_no_timeline/mlvu_ext/s2/modelscope_mtec_anchor_api_full_results.jsonl
Results JSON: /root/autodl-tmp/MTEC/outputs/ablation_20260701/runs/C_no_timeline/mlvu_ext/s2/modelscope_mtec_anchor_api_full_results.json
Summary JSON: /root/autodl-tmp/MTEC/outputs/ablation_20260701/runs/C_no_timeline/mlvu_ext/s2/modelscope_mtec_anchor_api_full_summary.json
[s2 batch done] rc=0 cumulative_completed=4 elapsed=781s
[s2 batch 4-8] dl 4/4 (567MB) 46s -> eval
VideoManager is deprecated and will be removed.
INPUT_CHECK video:movie101_5:mlvu69 video_media=2 image_media=3 frames=811 global_full=1 global_samples=795 visual_count_video=0 tubelets=3 details=0 visual_count=0 ocr=0 motion=8 objects=0 transcript_segments=48 warnings=none
video:movie101_5:mlvu69 [video]: completed pred=B gt=B correct=True error=
VideoManager is deprecated and will be removed.
INPUT_CHECK video:surveil_23:mlvu108 video_media=2 image_media=3 frames=966 global_full=1 global_samples=950 visual_count_video=0 tubelets=3 details=0 visual_count=0 ocr=0 motion=8 objects=0 transcript_segments=32 warnings=none
video:surveil_23:mlvu108 [video]: completed pred=A gt=A correct=True error=
VideoManager is deprecated and will be removed.
/root/miniconda3/envs/venv/lib/python3.9/site-packages/paddle/utils/cpp_extension/extension_utils.py:712: UserWarning: No ccache found. Please be aware that recompiling all source files may be required. You can download and install ccache from: https://github.com/ccache/ccache/blob/master/doc/INSTALL.md
  warnings.warn(warning_message)
[32mCreating model: ('PP-OCRv6_medium_det', None, None)[0m
[32mModel files already exist. Using cached files. To redownload, please delete the directory manually: `/root/.paddlex/official_models/PP-OCRv6_medium_det`.[0m
[32mCreating model: ('PP-OCRv6_medium_rec', None, None)[0m
[32mModel files already exist. Using cached files. To redownload, please delete the directory manually: `/root/.paddlex/official_models/PP-OCRv6_medium_rec`.[0m
INPUT_CHECK video:order_13:mlvu125 video_media=2 image_media=32 frames=706 global_full=1 global_samples=674 visual_count_video=0 tubelets=4 details=8 visual_count=0 ocr=8 motion=8 objects=5 transcript_segments=1 warnings=missing_visual_count_executor_anchor
video:order_13:mlvu125 [video]: completed pred=A gt=A correct=True error=
VideoManager is deprecated and will be removed.
INPUT_CHECK video:needle_142:mlvu50 video_media=2 image_media=15 frames=628 global_full=1 global_samples=612 visual_count_video=0 tubelets=3 details=0 visual_count=0 ocr=0 motion=8 objects=7 transcript_segments=48 warnings=none
video:needle_142:mlvu50 [video]: completed pred=A gt=A correct=True error=
Results JSONL: /root/autodl-tmp/MTEC/outputs/ablation_20260701/runs/C_no_timeline/mlvu_ext/s2/modelscope_mtec_anchor_api_full_results.jsonl
Results JSON: /root/autodl-tmp/MTEC/outputs/ablation_20260701/runs/C_no_timeline/mlvu_ext/s2/modelscope_mtec_anchor_api_full_results.json
Summary JSON: /root/autodl-tmp/MTEC/outputs/ablation_20260701/runs/C_no_timeline/mlvu_ext/s2/modelscope_mtec_anchor_api_full_summary.json
[s2 batch done] rc=0 cumulative_completed=8 elapsed=1211s
[s2 batch 8-10] dl 2/2 (469MB) 37s -> eval
VideoManager is deprecated and will be removed.
INPUT_CHECK video:movie101_102:mlvu44 video_media=2 image_media=9 frames=623 global_full=1 global_samples=607 visual_count_video=0 tubelets=3 details=6 visual_count=0 ocr=0 motion=8 objects=0 transcript_segments=48 warnings=none
video:movie101_102:mlvu44 [video]: completed pred=C gt=C correct=True error=
VideoManager is deprecated and will be removed.
INPUT_CHECK video:surveil_185:mlvu80 video_media=2 image_media=3 frames=923 global_full=1 global_samples=907 visual_count_video=0 tubelets=3 details=0 visual_count=0 ocr=0 motion=8 objects=0 transcript_segments=34 warnings=none
video:surveil_185:mlvu80 [video]: completed pred=D gt=C correct=False error=
Results JSONL: /root/autodl-tmp/MTEC/outputs/ablation_20260701/runs/C_no_timeline/mlvu_ext/s2/modelscope_mtec_anchor_api_full_results.jsonl
Results JSON: /root/autodl-tmp/MTEC/outputs/ablation_20260701/runs/C_no_timeline/mlvu_ext/s2/modelscope_mtec_anchor_api_full_results.json
Summary JSON: /root/autodl-tmp/MTEC/outputs/ablation_20260701/runs/C_no_timeline/mlvu_ext/s2/modelscope_mtec_anchor_api_full_summary.json
[s2 batch done] rc=0 cumulative_completed=10 elapsed=502s
SHARD_2_DONE
