
===== LAUNCH Tue Jul  7 13:45:37 2026 =====
VideoManager is deprecated and will be removed.
INPUT_CHECK video:0RxMZBLeqRI:604-2 video_media=2 image_media=11 frames=1862 global_full=1 global_samples=1830 visual_count_video=0 tubelets=4 details=7 visual_count=0 ocr=0 motion=8 objects=0 transcript_segments=48 warnings=none
video:0RxMZBLeqRI:604-2 [video]: completed pred=B gt=C correct=False error=
VideoManager is deprecated and will be removed.
INPUT_CHECK video:0iED5BojTMI:780-2 video_media=2 image_media=23 frames=2319 global_full=1 global_samples=2288 visual_count_video=0 tubelets=4 details=7 visual_count=0 ocr=0 motion=8 objects=2 transcript_segments=48 warnings=none
video:0iED5BojTMI:780-2 [video]: completed pred=B gt=B correct=True error=
VideoManager is deprecated and will be removed.
INPUT_CHECK video:0ncLRRLvdfk:634-3 video_media=2 image_media=23 frames=1861 global_full=1 global_samples=1829 visual_count_video=0 tubelets=4 details=7 visual_count=0 ocr=0 motion=8 objects=9 transcript_segments=48 warnings=none
video:0ncLRRLvdfk:634-3 [video]: completed pred=B gt=B correct=True error=
VideoManager is deprecated and will be removed.
INPUT_CHECK video:1NYQf_OXDqI:700-2 video_media=2 image_media=11 frames=3581 global_full=1 global_samples=3549 visual_count_video=0 tubelets=4 details=7 visual_count=0 ocr=0 motion=8 objects=0 transcript_segments=48 warnings=none
video:1NYQf_OXDqI:700-2 [video]: completed pred=A gt=C correct=False error=
VideoManager is deprecated and will be removed.
/root/miniconda3/envs/venv/lib/python3.9/site-packages/paddle/utils/cpp_extension/extension_utils.py:712: UserWarning: No ccache found. Please be aware that recompiling all source files may be required. You can download and install ccache from: https://github.com/ccache/ccache/blob/master/doc/INSTALL.md
  warnings.warn(warning_message)
[32mCreating model: ('PP-OCRv6_medium_det', None, None)[0m
[32mModel files already exist. Using cached files. To redownload, please delete the directory manually: `/root/.paddlex/official_models/PP-OCRv6_medium_det`.[0m
[32mCreating model: ('PP-OCRv6_medium_rec', None, None)[0m
[32mModel files already exist. Using cached files. To redownload, please delete the directory manually: `/root/.paddlex/official_models/PP-OCRv6_medium_rec`.[0m
INPUT_CHECK video:5KlS-p5eYH8:900-1 video_media=2 image_media=14 frames=2286 global_full=1 global_samples=2254 visual_count_video=0 tubelets=4 details=7 visual_count=0 ocr=3 motion=8 objects=0 transcript_segments=48 warnings=none
video:5KlS-p5eYH8:900-1 [video]: completed pred=B gt=B correct=True error=
VideoManager is deprecated and will be removed.
INPUT_CHECK video:5Z2_uRf7ckY:850-1 video_media=2 image_media=11 frames=3161 global_full=1 global_samples=3129 visual_count_video=0 tubelets=4 details=7 visual_count=0 ocr=0 motion=8 objects=0 transcript_segments=48 warnings=none
video:5Z2_uRf7ckY:850-1 [video]: completed pred=A gt=A correct=True error=
VideoManager is deprecated and will be removed.
INPUT_CHECK video:5y5_VyEwZhc:813-3 video_media=2 image_media=23 frames=2236 global_full=1 global_samples=2204 visual_count_video=0 tubelets=4 details=7 visual_count=0 ocr=0 motion=8 objects=2 transcript_segments=48 warnings=none
video:5y5_VyEwZhc:813-3 [video]: completed pred=D gt=C correct=False error=
VideoManager is deprecated and will be removed.
INPUT_CHECK video:74TEQfw6L60:657-1 video_media=2 image_media=11 frames=2781 global_full=1 global_samples=2749 visual_count_video=0 tubelets=4 details=7 visual_count=0 ocr=0 motion=8 objects=0 transcript_segments=48 warnings=none
video:74TEQfw6L60:657-1 [video]: completed pred=B gt=D correct=False error=
VideoManager is deprecated and will be removed.
INPUT_CHECK video:7TydWUguPRU:815-1 video_media=2 image_media=16 frames=2528 global_full=1 global_samples=2496 visual_count_video=0 tubelets=4 details=0 visual_count=0 ocr=0 motion=8 objects=3 transcript_segments=48 warnings=none
video:7TydWUguPRU:815-1 [video]: completed pred=A gt=B correct=False error=
VideoManager is deprecated and will be removed.
INPUT_CHECK video:ZLRyTFIZOIs:867-1 video_media=2 image_media=11 frames=2802 global_full=1 global_samples=2770 visual_count_video=0 tubelets=4 details=7 visual_count=0 ocr=0 motion=8 objects=0 transcript_segments=48 warnings=none
video:ZLRyTFIZOIs:867-1 [video]: completed pred=C gt=C correct=True error=
VideoManager is deprecated and will be removed.
INPUT_CHECK video:zAXbdzvCeV8:879-2 video_media=2 image_media=11 frames=2696 global_full=1 global_samples=2664 visual_count_video=0 tubelets=4 details=7 visual_count=0 ocr=0 motion=8 objects=0 transcript_segments=48 warnings=none
video:zAXbdzvCeV8:879-2 [video]: completed pred=C gt=C correct=True error=
VideoManager is deprecated and will be removed.
INPUT_CHECK video:0Jbc3Ah4EIc:673-3 video_media=2 image_media=11 frames=2417 global_full=1 global_samples=2385 visual_count_video=0 tubelets=4 details=7 visual_count=0 ocr=0 motion=8 objects=0 transcript_segments=48 warnings=none
video:0Jbc3Ah4EIc:673-3 [video]: completed pred=C gt=C correct=True error=
VideoManager is deprecated and will be removed.
INPUT_CHECK video:0eJvnKwGThw:847-1 video_media=2 image_media=31 frames=2001 global_full=1 global_samples=1969 visual_count_video=0 tubelets=4 details=7 visual_count=0 ocr=8 motion=8 objects=2 transcript_segments=48 warnings=none
video:0eJvnKwGThw:847-1 [video]: completed pred=C gt=C correct=True error=
Results JSONL: /root/autodl-tmp/MTEC/outputs/ablation_20260701/runs/J_medium/vmme_long/s2/modelscope_mtec_anchor_api_full_results.jsonl
Results JSON: /root/autodl-tmp/MTEC/outputs/ablation_20260701/runs/J_medium/vmme_long/s2/modelscope_mtec_anchor_api_full_results.json
Summary JSON: /root/autodl-tmp/MTEC/outputs/ablation_20260701/runs/J_medium/vmme_long/s2/modelscope_mtec_anchor_api_full_summary.json
