
===== LAUNCH Thu Jul  2 22:45:34 2026 =====
VideoManager is deprecated and will be removed.
INPUT_CHECK video:0RxMZBLeqRI:604-2 video_media=1 image_media=11 frames=32 global_full=0 global_samples=0 visual_count_video=0 tubelets=4 details=7 visual_count=0 ocr=0 motion=8 objects=0 transcript_segments=48 warnings=missing_full_timeline_lowres_anchor
video:0RxMZBLeqRI:604-2 [video]: completed pred=B gt=C correct=False error=
VideoManager is deprecated and will be removed.
INPUT_CHECK video:0iED5BojTMI:780-2 video_media=1 image_media=21 frames=16 global_full=0 global_samples=0 visual_count_video=0 tubelets=3 details=6 visual_count=0 ocr=0 motion=8 objects=5 transcript_segments=48 warnings=missing_full_timeline_lowres_anchor
video:0iED5BojTMI:780-2 [video]: completed pred=D gt=B correct=False error=
VideoManager is deprecated and will be removed.
INPUT_CHECK video:0ncLRRLvdfk:634-3 video_media=1 image_media=20 frames=8 global_full=0 global_samples=0 visual_count_video=0 tubelets=3 details=5 visual_count=0 ocr=0 motion=8 objects=6 transcript_segments=48 warnings=missing_full_timeline_lowres_anchor
video:0ncLRRLvdfk:634-3 [video]: completed pred=B gt=B correct=True error=
VideoManager is deprecated and will be removed.
INPUT_CHECK video:1NYQf_OXDqI:700-2 video_media=1 image_media=9 frames=16 global_full=0 global_samples=0 visual_count_video=0 tubelets=3 details=6 visual_count=0 ocr=0 motion=8 objects=0 transcript_segments=48 warnings=missing_full_timeline_lowres_anchor
video:1NYQf_OXDqI:700-2 [video]: completed pred=A gt=C correct=False error=
VideoManager is deprecated and will be removed.
/root/miniconda3/envs/venv/lib/python3.9/site-packages/paddle/utils/cpp_extension/extension_utils.py:712: UserWarning: No ccache found. Please be aware that recompiling all source files may be required. You can download and install ccache from: https://github.com/ccache/ccache/blob/master/doc/INSTALL.md
  warnings.warn(warning_message)
[32mCreating model: ('PP-OCRv6_medium_det', None, None)[0m
[32mModel files already exist. Using cached files. To redownload, please delete the directory manually: `/root/.paddlex/official_models/PP-OCRv6_medium_det`.[0m
[32mCreating model: ('PP-OCRv6_medium_rec', None, None)[0m
[32mModel files already exist. Using cached files. To redownload, please delete the directory manually: `/root/.paddlex/official_models/PP-OCRv6_medium_rec`.[0m
INPUT_CHECK video:5KlS-p5eYH8:900-1 video_media=1 image_media=15 frames=32 global_full=0 global_samples=0 visual_count_video=0 tubelets=4 details=8 visual_count=0 ocr=3 motion=8 objects=0 transcript_segments=48 warnings=missing_full_timeline_lowres_anchor
video:5KlS-p5eYH8:900-1 [video]: completed pred=B gt=B correct=True error=
VideoManager is deprecated and will be removed.
INPUT_CHECK video:5Z2_uRf7ckY:850-1 video_media=1 image_media=11 frames=8 global_full=0 global_samples=0 visual_count_video=0 tubelets=3 details=5 visual_count=0 ocr=3 motion=8 objects=0 transcript_segments=48 warnings=missing_full_timeline_lowres_anchor
video:5Z2_uRf7ckY:850-1 [video]: completed pred=A gt=A correct=True error=
VideoManager is deprecated and will be removed.
INPUT_CHECK video:5y5_VyEwZhc:813-3 video_media=1 image_media=20 frames=8 global_full=0 global_samples=0 visual_count_video=0 tubelets=3 details=5 visual_count=0 ocr=0 motion=8 objects=1 transcript_segments=48 warnings=missing_full_timeline_lowres_anchor
video:5y5_VyEwZhc:813-3 [video]: completed pred=A gt=C correct=False error=
VideoManager is deprecated and will be removed.
INPUT_CHECK video:74TEQfw6L60:657-1 video_media=1 image_media=9 frames=16 global_full=0 global_samples=0 visual_count_video=0 tubelets=3 details=6 visual_count=0 ocr=0 motion=8 objects=0 transcript_segments=48 warnings=missing_full_timeline_lowres_anchor
video:74TEQfw6L60:657-1 [video]: completed pred=B gt=D correct=False error=
VideoManager is deprecated and will be removed.
INPUT_CHECK video:7TydWUguPRU:815-1 video_media=1 image_media=16 frames=32 global_full=0 global_samples=0 visual_count_video=0 tubelets=4 details=0 visual_count=0 ocr=0 motion=8 objects=3 transcript_segments=48 warnings=missing_full_timeline_lowres_anchor
video:7TydWUguPRU:815-1 [video]: completed pred=B gt=B correct=True error=
VideoManager is deprecated and will be removed.
INPUT_CHECK video:ZLRyTFIZOIs:867-1 video_media=1 image_media=9 frames=16 global_full=0 global_samples=0 visual_count_video=0 tubelets=3 details=6 visual_count=0 ocr=0 motion=8 objects=0 transcript_segments=48 warnings=missing_full_timeline_lowres_anchor
video:ZLRyTFIZOIs:867-1 [video]: completed pred=B gt=C correct=False error=
VideoManager is deprecated and will be removed.
INPUT_CHECK video:zAXbdzvCeV8:879-2 video_media=1 image_media=9 frames=16 global_full=0 global_samples=0 visual_count_video=0 tubelets=3 details=6 visual_count=0 ocr=0 motion=8 objects=0 transcript_segments=48 warnings=missing_full_timeline_lowres_anchor
video:zAXbdzvCeV8:879-2 [video]: completed pred=A gt=C correct=False error=
VideoManager is deprecated and will be removed.
INPUT_CHECK video:0Jbc3Ah4EIc:673-3 video_media=1 image_media=9 frames=16 global_full=0 global_samples=0 visual_count_video=0 tubelets=3 details=6 visual_count=0 ocr=0 motion=8 objects=0 transcript_segments=48 warnings=missing_full_timeline_lowres_anchor
video:0Jbc3Ah4EIc:673-3 [video]: completed pred=C gt=C correct=True error=
VideoManager is deprecated and will be removed.
INPUT_CHECK video:0eJvnKwGThw:847-1 video_media=1 image_media=32 frames=32 global_full=0 global_samples=0 visual_count_video=0 tubelets=4 details=8 visual_count=0 ocr=8 motion=8 objects=2 transcript_segments=48 warnings=missing_full_timeline_lowres_anchor
video:0eJvnKwGThw:847-1 [video]: completed pred=C gt=C correct=True error=
Results JSONL: /root/autodl-tmp/MTEC/outputs/ablation_20260701/runs/F_no_global_anchor/vmme_long/s2/modelscope_mtec_anchor_api_full_results.jsonl
Results JSON: /root/autodl-tmp/MTEC/outputs/ablation_20260701/runs/F_no_global_anchor/vmme_long/s2/modelscope_mtec_anchor_api_full_results.json
Summary JSON: /root/autodl-tmp/MTEC/outputs/ablation_20260701/runs/F_no_global_anchor/vmme_long/s2/modelscope_mtec_anchor_api_full_summary.json
